Terminals unused in grammar

   ZERO
   STRNAME
   TITLE
   ESET
   C3D8R
   TIMESTEPID
   IDNO
   ELEMENTTYPE


Rules useless in parser due to conflicts

  128 History: %empty


State 0 conflicts: 35 shift/reduce, 36 reduce/reduce
State 37 conflicts: 36 shift/reduce, 36 reduce/reduce
State 128 conflicts: 3 reduce/reduce
State 315 conflicts: 1 shift/reduce
State 385 conflicts: 1 shift/reduce
State 386 conflicts: 1 shift/reduce


Grammar

    0 $accept: FinalizedData $end

    1 FinalizedData: All END

    2 All: Component
    3    | All Component

    4 Component: NodeSet
    5          | ElemSet
    6          | MatSet
    7          | DirichletBC
    8          | NeumanBC
    9          | IVel
   10          | IAcc
   11          | IStr
   12          | SetLarge
   13          | HourGlassControl
   14          | SetGravity
   15          | SetAttribute
   16          | ReadCurve
   17          | SetEndTime
   18          | Pressure
   19          | BoundaryFix
   20          | TimeStep
   21          | Solver
   22          | OutInfo
   23          | History
   24          | HisOutput
   25          | NodeForHis
   26          | ElemForHis
   27          | WriteStatus
   28          | DeleteElement
   29          | Bulk_Visco
   30          | DebugFlg
   31          | ClearDV
   32          | LocalDamping
   33          | CombinedDamping
   34          | StaticTerm
   35          | ExportFlac
   36          | NodePart
   37          | ElemPart
   38          | FenQu

   39 NodeSet: NODE NewLine Node
   40        | NodeSet Node

   41 Node: Integer Float Float Float NewLine
   42     | Integer Float Float NewLine
   43     | Integer Float NewLine

   44 ElemSet: ELEMENT COMMA TYPE EQUALSIGN ET_SOLID NewLine Element_Solid_List
   45        | ELEMENT COMMA TYPE EQUALSIGN ET_SOLID COMMA EPART EQUALSIGN Integer NewLine Element_Solid_List
   46        | ELEMENT COMMA EPART EQUALSIGN Integer COMMA TYPE EQUALSIGN ET_SOLID NewLine Element_Solid_List
   47        | ElemSet Element_Solid
   48        | ELEMENT NewLine Element
   49        | ElemSet Element

   50 Element: Integer Integer NodeNums NewLine

   51 Element_Solid_List: Integer NodeNums NewLine
   52                   | Element_Solid_List Integer NodeNums NewLine

   53 NodeNums: Integer
   54         | NodeNums Integer
   55         | GENERATE Integer Integer Integer

   56 MatSet: MATERIAL COMMA ID EQUALSIGN Integer COMMA TYPE EQUALSIGN MT_ELASTIC NewLine PropsList
   57       | MATERIAL COMMA TYPE EQUALSIGN MT_ELASTIC COMMA ID EQUALSIGN Integer NewLine PropsList
   58       | MATERIAL NewLine Integer Integer PropsList
   59       | MATERIAL NewLine PropsList

   60 PropsList: Props NewLine
   61          | PropsList Props NewLine

   62 Props: Float
   63      | Props Float

   64 DirichletBC: DISP NewLine BCDataList

   65 NeumanBC: FORCE NewLine BCDataList

   66 IVel: IVEL NewLine BCDataList

   67 IAcc: IACC NewLine BCDataList

   68 BCDataList: BC_Data
   69           | BCDataList BC_Data

   70 BC_Data: Integer Integer Integer Float NewLine
   71        | Integer Integer NewLine

   72 BoundaryFix: FIXED NewLine BCFDataList

   73 BCFDataList: BCF_Data
   74            | BCFDataList BCF_Data

   75 BCF_Data: Integer Integer Integer Integer NewLine
   76         | Integer Integer NewLine
   77         | Integer Integer Integer NewLine

   78 IStr: ISTR NewLine IStressList

   79 IStressList: IStressData
   80            | IStressList IStressData

   81 IStressData: Integer Float Float Float Float Float Float NewLine

   82 Pressure: PRESSURE NewLine PressureList

   83 PressureList: PresData
   84             | PressureList PresData

   85 PresData: Integer Float Integer Integer Integer Integer NewLine

   86 SetLarge: JAUMA NewLine

   87 HourGlassControl: HOURGLASS NewLine Integer NewLine
   88                 | HOURGLASS NewLine Integer Float NewLine

   89 SetGravity: GRAV NewLine Float Float Float NewLine

   90 SetAttribute: ATT NewLine AttList
   91             | ATT COMMA TYPE EQUALSIGN EPART NewLine PAttList

   92 AttList: AttData
   93        | AttList AttData

   94 AttData: Integer Integer NewLine
   95        | Integer Integer Integer NewLine

   96 PAttList: PAttData
   97         | PAttList PAttData

   98 PAttData: Integer Integer NewLine
   99         | Integer Integer Integer NewLine

  100 ReadCurve: CURVE COMMA ID EQUALSIGN Integer NewLine CurveDataList
  101          | CURVE NewLine CurveDataList

  102 CurveDataList: CurveData
  103              | CurveDataList CurveData

  104 CurveData: Float Float NewLine

  105 SetEndTime: TERM NewLine Float NewLine

  106 TimeStep: %empty
  107         | TIMESTEP NewLine Float NewLine
  108         | TIMESTEP COMMA TYPE EQUALSIGN TIMESTEP_AUTO NewLine Float NewLine
  109         | TIMESTEP COMMA TYPE EQUALSIGN TIMESTEP_FIXED NewLine Float NewLine
  110         | TIMESTEP COMMA TYPE EQUALSIGN TIMESTEP_CURVE NewLine Integer NewLine

  111 Solver: SOLV NewLine DYNA NewLine

  112 OutInfo: OUTPUT NewLine Integer Integer NewLine NOutList NewLine EOutList NewLine
  113        | OUTPUT NewLine Integer Float NewLine NOutList NewLine EOutList NewLine
  114        | OUTPUT NewLine Float NewLine NOutList NewLine EOutList NewLine
  115        | OUTPUT NewLine Float NewLine
  116        | OUTPUT NewLine Integer Integer NewLine
  117        | OUTPUT NewLine Integer Float NewLine
  118        | OUTPUT NewLine Integer Integer NewLine NOutList NewLine
  119        | OUTPUT NewLine Integer Float NewLine NOutList NewLine
  120        | OUTPUT NewLine Float NewLine NOutList NewLine
  121        | OUTPUT NewLine Integer Integer NewLine EOutList NewLine
  122        | OUTPUT NewLine Integer Float NewLine EOutList NewLine
  123        | OUTPUT NewLine Float NewLine EOutList NewLine

  124 NOutList: NOUTPUTID
  125         | NOutList NOUTPUTID

  126 EOutList: EOUTPUTID
  127         | EOutList EOUTPUTID

  128 History: %empty
  129        | HISTORY NewLine Integer NewLine

  130 HisOutput: HISOUTPUT NewLine Float NewLine

  131 NodeForHis: HISNODE NewLine HisNodeList

  132 HisNodeList: Integer NewLine
  133            | HisNodeList Integer NewLine

  134 ElemForHis: HISELEM NewLine HisEleList

  135 HisEleList: Integer NewLine
  136           | HisEleList Integer NewLine

  137 WriteStatus: STATUSFILE NewLine Float NewLine
  138            | STATUSFILE NewLine Integer NewLine

  139 DeleteElement: REMOVE NewLine DelElList
  140              | REMOVE COMMA TYPE EQUALSIGN EPART NewLine DelPList

  141 DelElList: Integer NewLine
  142          | DelElList Integer NewLine

  143 DelPList: Integer NewLine
  144         | DelPList Integer NewLine

  145 Bulk_Visco: BULK_VISCOSITY NewLine Float Float NewLine

  146 DebugFlg: DEBUGFLG NewLine

  147 ClearDV: CLEARDVFLG NewLine

  148 LocalDamping: LOCALDAMP NewLine
  149             | LOCALDAMP NewLine Float NewLine

  150 CombinedDamping: COMBINEDDAMP NewLine
  151                | COMBINEDDAMP NewLine Float NewLine

  152 StaticTerm: STATICTERM NewLine
  153           | STATICTERM NewLine Float NewLine

  154 ExportFlac: EXPORTFLAC NewLine

  155 NodePart: NODEPART COMMA ID EQUALSIGN Integer NewLine PartList

  156 ElemPart: ELEMPART COMMA ID EQUALSIGN Integer NewLine PartList

  157 PartList: NodeNums NewLine
  158         | PartList NodeNums NewLine

  159 FenQu: FENQUPL NewLine Float Float Float Float NewLine

  160 Integer: IntConstant

  161 Float: IntConstant
  162      | DblConstant


Terminals, with rules where they appear

$end (0) 0
error (256)
IntConstant <ival> (258) 160 161
DblConstant <fval> (259) 162
NODE (260) 39
NewLine (261) 39 41 42 43 44 45 46 48 50 51 52 56 57 58 59 60 61 64
    65 66 67 70 71 72 75 76 77 78 81 82 85 86 87 88 89 90 91 94 95
    98 99 100 101 104 105 107 108 109 110 111 112 113 114 115 116 117
    118 119 120 121 122 123 129 130 131 132 133 134 135 136 137 138
    139 140 141 142 143 144 145 146 147 148 149 150 151 152 153 154
    155 156 157 158 159
ELEMENT (262) 44 45 46 48
ZERO (263)
STRNAME <strval> (264)
END (265) 1
MATERIAL (266) 56 57 58 59
DISP (267) 64
FORCE (268) 65
IVEL (269) 66
IACC (270) 67
ISTR (271) 78
JAUMA (272) 86
GRAV (273) 89
ATT (274) 90 91
CURVE (275) 100 101
TERM (276) 105
PRESSURE (277) 82
FIXED (278) 72
TIMESTEP (279) 107 108 109 110
DYNA (280) 111
SOLV (281) 111
OUTPUT (282) 112 113 114 115 116 117 118 119 120 121 122 123
NOUTPUTID <ival> (283) 124 125
EOUTPUTID <ival> (284) 126 127
HISTORY (285) 129
HISOUTPUT (286) 130
HOURGLASS (287) 87 88
STATUSFILE (288) 137 138
TITLE (289)
REMOVE (290) 139 140
BULK_VISCOSITY (291) 145
HISNODE (292) 131
HISELEM (293) 134
DEBUGFLG (294) 146
CLEARDVFLG (295) 147
LOCALDAMP (296) 148 149
COMBINEDDAMP (297) 150 151
STATICTERM (298) 152 153
EXPORTFLAC (299) 154
NODEPART (300) 155
ELEMPART (301) 156
GENERATE (302) 55
FENQUPL (303) 159
TYPE (304) 44 45 46 56 57 91 108 109 110 140
ESET (305)
C3D8R (306)
TIMESTEPID <ival> (307)
TIMESTEP_FIXED (308) 109
TIMESTEP_CURVE (309) 110
TIMESTEP_AUTO (310) 108
ID (311) 56 57 100 155 156
IDNO <ival> (312)
COMMA (313) 44 45 46 56 57 91 100 108 109 110 140 155 156
ELEMENTTYPE <ival> (314)
EPART (315) 45 46 91 140
EQUALSIGN (316) 44 45 46 56 57 91 100 108 109 110 140 155 156
Element_Solid (317) 47
ET_SOLID (318) 44 45 46
MT_ELASTIC (319) 56 57


Nonterminals, with rules where they appear

$accept (65)
    on left: 0
FinalizedData (66)
    on left: 1, on right: 0
All (67)
    on left: 2 3, on right: 1 3
Component (68)
    on left: 4 5 6 7 8 9 10 11 12 13 14 15 16 17 18 19 20 21 22 23
    24 25 26 27 28 29 30 31 32 33 34 35 36 37 38, on right: 2 3
NodeSet (69)
    on left: 39 40, on right: 4 40
Node <nval> (70)
    on left: 41 42 43, on right: 39 40
ElemSet (71)
    on left: 44 45 46 47 48 49, on right: 5 47 49
Element (72)
    on left: 50, on right: 48 49
Element_Solid_List <nlist> (73)
    on left: 51 52, on right: 44 45 46 52
NodeNums <nlist> (74)
    on left: 53 54 55, on right: 50 51 52 54 157 158
MatSet (75)
    on left: 56 57 58 59, on right: 6
PropsList <pl> (76)
    on left: 60 61, on right: 56 57 58 59 61
Props <pl> (77)
    on left: 62 63, on right: 60 61 63
DirichletBC <bclist> (78)
    on left: 64, on right: 7
NeumanBC <bclist> (79)
    on left: 65, on right: 8
IVel (80)
    on left: 66, on right: 9
IAcc (81)
    on left: 67, on right: 10
BCDataList <bclist> (82)
    on left: 68 69, on right: 64 65 66 67 69
BC_Data <bcval> (83)
    on left: 70 71, on right: 68 69
BoundaryFix <bcflist> (84)
    on left: 72, on right: 19
BCFDataList <bcflist> (85)
    on left: 73 74, on right: 72 74
BCF_Data <bcfix> (86)
    on left: 75 76 77, on right: 73 74
IStr (87)
    on left: 78, on right: 11
IStressList (88)
    on left: 79 80, on right: 78 80
IStressData <istr> (89)
    on left: 81, on right: 79 80
Pressure (90)
    on left: 82, on right: 18
PressureList (91)
    on left: 83 84, on right: 82 84
PresData <bp> (92)
    on left: 85, on right: 83 84
SetLarge (93)
    on left: 86, on right: 12
HourGlassControl (94)
    on left: 87 88, on right: 13
SetGravity (95)
    on left: 89, on right: 14
SetAttribute (96)
    on left: 90 91, on right: 15
AttList (97)
    on left: 92 93, on right: 90 93
AttData (98)
    on left: 94 95, on right: 92 93
PAttList (99)
    on left: 96 97, on right: 91 97
PAttData (100)
    on left: 98 99, on right: 96 97
ReadCurve (101)
    on left: 100 101, on right: 16
CurveDataList <clist> (102)
    on left: 102 103, on right: 100 101 103
CurveData <ccoef> (103)
    on left: 104, on right: 102 103
SetEndTime (104)
    on left: 105, on right: 17
TimeStep (105)
    on left: 106 107 108 109 110, on right: 20
Solver (106)
    on left: 111, on right: 21
OutInfo (107)
    on left: 112 113 114 115 116 117 118 119 120 121 122 123, on right:
    22
NOutList (108)
    on left: 124 125, on right: 112 113 114 118 119 120 125
EOutList (109)
    on left: 126 127, on right: 112 113 114 121 122 123 127
History (110)
    on left: 128 129, on right: 23
HisOutput (111)
    on left: 130, on right: 24
NodeForHis (112)
    on left: 131, on right: 25
HisNodeList (113)
    on left: 132 133, on right: 131 133
ElemForHis (114)
    on left: 134, on right: 26
HisEleList (115)
    on left: 135 136, on right: 134 136
WriteStatus (116)
    on left: 137 138, on right: 27
DeleteElement (117)
    on left: 139 140, on right: 28
DelElList (118)
    on left: 141 142, on right: 139 142
DelPList (119)
    on left: 143 144, on right: 140 144
Bulk_Visco (120)
    on left: 145, on right: 29
DebugFlg (121)
    on left: 146, on right: 30
ClearDV (122)
    on left: 147, on right: 31
LocalDamping (123)
    on left: 148 149, on right: 32
CombinedDamping (124)
    on left: 150 151, on right: 33
StaticTerm (125)
    on left: 152 153, on right: 34
ExportFlac (126)
    on left: 154, on right: 35
NodePart (127)
    on left: 155, on right: 36
ElemPart (128)
    on left: 156, on right: 37
PartList <ptemp> (129)
    on left: 157 158, on right: 155 156 158
FenQu (130)
    on left: 159, on right: 38
Integer <ival> (131)
    on left: 160, on right: 41 42 43 45 46 50 51 52 53 54 55 56 57
    58 70 71 75 76 77 81 85 87 88 94 95 98 99 100 110 112 113 116 117
    118 119 121 122 129 132 133 135 136 138 141 142 143 144 155 156
Float <fval> (132)
    on left: 161 162, on right: 41 42 43 62 63 70 81 85 88 89 104 105
    107 108 109 113 114 115 117 119 120 122 123 130 137 145 149 151
    153 159


State 0

    0 $accept: . FinalizedData $end

    NODE            shift, and go to state 1
    ELEMENT         shift, and go to state 2
    MATERIAL        shift, and go to state 3
    DISP            shift, and go to state 4
    FORCE           shift, and go to state 5
    IVEL            shift, and go to state 6
    IACC            shift, and go to state 7
    ISTR            shift, and go to state 8
    JAUMA           shift, and go to state 9
    GRAV            shift, and go to state 10
    ATT             shift, and go to state 11
    CURVE           shift, and go to state 12
    TERM            shift, and go to state 13
    PRESSURE        shift, and go to state 14
    FIXED           shift, and go to state 15
    TIMESTEP        shift, and go to state 16
    SOLV            shift, and go to state 17
    OUTPUT          shift, and go to state 18
    HISTORY         shift, and go to state 19
    HISOUTPUT       shift, and go to state 20
    HOURGLASS       shift, and go to state 21
    STATUSFILE      shift, and go to state 22
    REMOVE          shift, and go to state 23
    BULK_VISCOSITY  shift, and go to state 24
    HISNODE         shift, and go to state 25
    HISELEM         shift, and go to state 26
    DEBUGFLG        shift, and go to state 27
    CLEARDVFLG      shift, and go to state 28
    LOCALDAMP       shift, and go to state 29
    COMBINEDDAMP    shift, and go to state 30
    STATICTERM      shift, and go to state 31
    EXPORTFLAC      shift, and go to state 32
    NODEPART        shift, and go to state 33
    ELEMPART        shift, and go to state 34
    FENQUPL         shift, and go to state 35

    NODE            [reduce using rule 106 (TimeStep)]
    NODE            [reduce using rule 128 (History)]
    ELEMENT         [reduce using rule 106 (TimeStep)]
    ELEMENT         [reduce using rule 128 (History)]
    END             reduce using rule 106 (TimeStep)
    END             [reduce using rule 128 (History)]
    MATERIAL        [reduce using rule 106 (TimeStep)]
    MATERIAL        [reduce using rule 128 (History)]
    DISP            [reduce using rule 106 (TimeStep)]
    DISP            [reduce using rule 128 (History)]
    FORCE           [reduce using rule 106 (TimeStep)]
    FORCE           [reduce using rule 128 (History)]
    IVEL            [reduce using rule 106 (TimeStep)]
    IVEL            [reduce using rule 128 (History)]
    IACC            [reduce using rule 106 (TimeStep)]
    IACC            [reduce using rule 128 (History)]
    ISTR            [reduce using rule 106 (TimeStep)]
    ISTR            [reduce using rule 128 (History)]
    JAUMA           [reduce using rule 106 (TimeStep)]
    JAUMA           [reduce using rule 128 (History)]
    GRAV            [reduce using rule 106 (TimeStep)]
    GRAV            [reduce using rule 128 (History)]
    ATT             [reduce using rule 106 (TimeStep)]
    ATT             [reduce using rule 128 (History)]
    CURVE           [reduce using rule 106 (TimeStep)]
    CURVE           [reduce using rule 128 (History)]
    TERM            [reduce using rule 106 (TimeStep)]
    TERM            [reduce using rule 128 (History)]
    PRESSURE        [reduce using rule 106 (TimeStep)]
    PRESSURE        [reduce using rule 128 (History)]
    FIXED           [reduce using rule 106 (TimeStep)]
    FIXED           [reduce using rule 128 (History)]
    TIMESTEP        [reduce using rule 106 (TimeStep)]
    TIMESTEP        [reduce using rule 128 (History)]
    SOLV            [reduce using rule 106 (TimeStep)]
    SOLV            [reduce using rule 128 (History)]
    OUTPUT          [reduce using rule 106 (TimeStep)]
    OUTPUT          [reduce using rule 128 (History)]
    HISTORY         [reduce using rule 106 (TimeStep)]
    HISTORY         [reduce using rule 128 (History)]
    HISOUTPUT       [reduce using rule 106 (TimeStep)]
    HISOUTPUT       [reduce using rule 128 (History)]
    HOURGLASS       [reduce using rule 106 (TimeStep)]
    HOURGLASS       [reduce using rule 128 (History)]
    STATUSFILE      [reduce using rule 106 (TimeStep)]
    STATUSFILE      [reduce using rule 128 (History)]
    REMOVE          [reduce using rule 106 (TimeStep)]
    REMOVE          [reduce using rule 128 (History)]
    BULK_VISCOSITY  [reduce using rule 106 (TimeStep)]
    BULK_VISCOSITY  [reduce using rule 128 (History)]
    HISNODE         [reduce using rule 106 (TimeStep)]
    HISNODE         [reduce using rule 128 (History)]
    HISELEM         [reduce using rule 106 (TimeStep)]
    HISELEM         [reduce using rule 128 (History)]
    DEBUGFLG        [reduce using rule 106 (TimeStep)]
    DEBUGFLG        [reduce using rule 128 (History)]
    CLEARDVFLG      [reduce using rule 106 (TimeStep)]
    CLEARDVFLG      [reduce using rule 128 (History)]
    LOCALDAMP       [reduce using rule 106 (TimeStep)]
    LOCALDAMP       [reduce using rule 128 (History)]
    COMBINEDDAMP    [reduce using rule 106 (TimeStep)]
    COMBINEDDAMP    [reduce using rule 128 (History)]
    STATICTERM      [reduce using rule 106 (TimeStep)]
    STATICTERM      [reduce using rule 128 (History)]
    EXPORTFLAC      [reduce using rule 106 (TimeStep)]
    EXPORTFLAC      [reduce using rule 128 (History)]
    NODEPART        [reduce using rule 106 (TimeStep)]
    NODEPART        [reduce using rule 128 (History)]
    ELEMPART        [reduce using rule 106 (TimeStep)]
    ELEMPART        [reduce using rule 128 (History)]
    FENQUPL         [reduce using rule 106 (TimeStep)]
    FENQUPL         [reduce using rule 128 (History)]
    $default        reduce using rule 106 (TimeStep)

    FinalizedData     go to state 36
    All               go to state 37
    Component         go to state 38
    NodeSet           go to state 39
    ElemSet           go to state 40
    MatSet            go to state 41
    DirichletBC       go to state 42
    NeumanBC          go to state 43
    IVel              go to state 44
    IAcc              go to state 45
    BoundaryFix       go to state 46
    IStr              go to state 47
    Pressure          go to state 48
    SetLarge          go to state 49
    HourGlassControl  go to state 50
    SetGravity        go to state 51
    SetAttribute      go to state 52
    ReadCurve         go to state 53
    SetEndTime        go to state 54
    TimeStep          go to state 55
    Solver            go to state 56
    OutInfo           go to state 57
    History           go to state 58
    HisOutput         go to state 59
    NodeForHis        go to state 60
    ElemForHis        go to state 61
    WriteStatus       go to state 62
    DeleteElement     go to state 63
    Bulk_Visco        go to state 64
    DebugFlg          go to state 65
    ClearDV           go to state 66
    LocalDamping      go to state 67
    CombinedDamping   go to state 68
    StaticTerm        go to state 69
    ExportFlac        go to state 70
    NodePart          go to state 71
    ElemPart          go to state 72
    FenQu             go to state 73


State 1

   39 NodeSet: NODE . NewLine Node

    NewLine  shift, and go to state 74


State 2

   44 ElemSet: ELEMENT . COMMA TYPE EQUALSIGN ET_SOLID NewLine Element_Solid_List
   45        | ELEMENT . COMMA TYPE EQUALSIGN ET_SOLID COMMA EPART EQUALSIGN Integer NewLine Element_Solid_List
   46        | ELEMENT . COMMA EPART EQUALSIGN Integer COMMA TYPE EQUALSIGN ET_SOLID NewLine Element_Solid_List
   48        | ELEMENT . NewLine Element

    NewLine  shift, and go to state 75
    COMMA    shift, and go to state 76


State 3

   56 MatSet: MATERIAL . COMMA ID EQUALSIGN Integer COMMA TYPE EQUALSIGN MT_ELASTIC NewLine PropsList
   57       | MATERIAL . COMMA TYPE EQUALSIGN MT_ELASTIC COMMA ID EQUALSIGN Integer NewLine PropsList
   58       | MATERIAL . NewLine Integer Integer PropsList
   59       | MATERIAL . NewLine PropsList

    NewLine  shift, and go to state 77
    COMMA    shift, and go to state 78


State 4

   64 DirichletBC: DISP . NewLine BCDataList

    NewLine  shift, and go to state 79


State 5

   65 NeumanBC: FORCE . NewLine BCDataList

    NewLine  shift, and go to state 80


State 6

   66 IVel: IVEL . NewLine BCDataList

    NewLine  shift, and go to state 81


State 7

   67 IAcc: IACC . NewLine BCDataList

    NewLine  shift, and go to state 82


State 8

   78 IStr: ISTR . NewLine IStressList

    NewLine  shift, and go to state 83


State 9

   86 SetLarge: JAUMA . NewLine

    NewLine  shift, and go to state 84


State 10

   89 SetGravity: GRAV . NewLine Float Float Float NewLine

    NewLine  shift, and go to state 85


State 11

   90 SetAttribute: ATT . NewLine AttList
   91             | ATT . COMMA TYPE EQUALSIGN EPART NewLine PAttList

    NewLine  shift, and go to state 86
    COMMA    shift, and go to state 87


State 12

  100 ReadCurve: CURVE . COMMA ID EQUALSIGN Integer NewLine CurveDataList
  101          | CURVE . NewLine CurveDataList

    NewLine  shift, and go to state 88
    COMMA    shift, and go to state 89


State 13

  105 SetEndTime: TERM . NewLine Float NewLine

    NewLine  shift, and go to state 90


State 14

   82 Pressure: PRESSURE . NewLine PressureList

    NewLine  shift, and go to state 91


State 15

   72 BoundaryFix: FIXED . NewLine BCFDataList

    NewLine  shift, and go to state 92


State 16

  107 TimeStep: TIMESTEP . NewLine Float NewLine
  108         | TIMESTEP . COMMA TYPE EQUALSIGN TIMESTEP_AUTO NewLine Float NewLine
  109         | TIMESTEP . COMMA TYPE EQUALSIGN TIMESTEP_FIXED NewLine Float NewLine
  110         | TIMESTEP . COMMA TYPE EQUALSIGN TIMESTEP_CURVE NewLine Integer NewLine

    NewLine  shift, and go to state 93
    COMMA    shift, and go to state 94


State 17

  111 Solver: SOLV . NewLine DYNA NewLine

    NewLine  shift, and go to state 95


State 18

  112 OutInfo: OUTPUT . NewLine Integer Integer NewLine NOutList NewLine EOutList NewLine
  113        | OUTPUT . NewLine Integer Float NewLine NOutList NewLine EOutList NewLine
  114        | OUTPUT . NewLine Float NewLine NOutList NewLine EOutList NewLine
  115        | OUTPUT . NewLine Float NewLine
  116        | OUTPUT . NewLine Integer Integer NewLine
  117        | OUTPUT . NewLine Integer Float NewLine
  118        | OUTPUT . NewLine Integer Integer NewLine NOutList NewLine
  119        | OUTPUT . NewLine Integer Float NewLine NOutList NewLine
  120        | OUTPUT . NewLine Float NewLine NOutList NewLine
  121        | OUTPUT . NewLine Integer Integer NewLine EOutList NewLine
  122        | OUTPUT . NewLine Integer Float NewLine EOutList NewLine
  123        | OUTPUT . NewLine Float NewLine EOutList NewLine

    NewLine  shift, and go to state 96


State 19

  129 History: HISTORY . NewLine Integer NewLine

    NewLine  shift, and go to state 97


State 20

  130 HisOutput: HISOUTPUT . NewLine Float NewLine

    NewLine  shift, and go to state 98


State 21

   87 HourGlassControl: HOURGLASS . NewLine Integer NewLine
   88                 | HOURGLASS . NewLine Integer Float NewLine

    NewLine  shift, and go to state 99


State 22

  137 WriteStatus: STATUSFILE . NewLine Float NewLine
  138            | STATUSFILE . NewLine Integer NewLine

    NewLine  shift, and go to state 100


State 23

  139 DeleteElement: REMOVE . NewLine DelElList
  140              | REMOVE . COMMA TYPE EQUALSIGN EPART NewLine DelPList

    NewLine  shift, and go to state 101
    COMMA    shift, and go to state 102


State 24

  145 Bulk_Visco: BULK_VISCOSITY . NewLine Float Float NewLine

    NewLine  shift, and go to state 103


State 25

  131 NodeForHis: HISNODE . NewLine HisNodeList

    NewLine  shift, and go to state 104


State 26

  134 ElemForHis: HISELEM . NewLine HisEleList

    NewLine  shift, and go to state 105


State 27

  146 DebugFlg: DEBUGFLG . NewLine

    NewLine  shift, and go to state 106


State 28

  147 ClearDV: CLEARDVFLG . NewLine

    NewLine  shift, and go to state 107


State 29

  148 LocalDamping: LOCALDAMP . NewLine
  149             | LOCALDAMP . NewLine Float NewLine

    NewLine  shift, and go to state 108


State 30

  150 CombinedDamping: COMBINEDDAMP . NewLine
  151                | COMBINEDDAMP . NewLine Float NewLine

    NewLine  shift, and go to state 109


State 31

  152 StaticTerm: STATICTERM . NewLine
  153           | STATICTERM . NewLine Float NewLine

    NewLine  shift, and go to state 110


State 32

  154 ExportFlac: EXPORTFLAC . NewLine

    NewLine  shift, and go to state 111


State 33

  155 NodePart: NODEPART . COMMA ID EQUALSIGN Integer NewLine PartList

    COMMA  shift, and go to state 112


State 34

  156 ElemPart: ELEMPART . COMMA ID EQUALSIGN Integer NewLine PartList

    COMMA  shift, and go to state 113


State 35

  159 FenQu: FENQUPL . NewLine Float Float Float Float NewLine

    NewLine  shift, and go to state 114


State 36

    0 $accept: FinalizedData . $end

    $end  shift, and go to state 115


State 37

    1 FinalizedData: All . END
    3 All: All . Component

    NODE            shift, and go to state 1
    ELEMENT         shift, and go to state 2
    END             shift, and go to state 116
    MATERIAL        shift, and go to state 3
    DISP            shift, and go to state 4
    FORCE           shift, and go to state 5
    IVEL            shift, and go to state 6
    IACC            shift, and go to state 7
    ISTR            shift, and go to state 8
    JAUMA           shift, and go to state 9
    GRAV            shift, and go to state 10
    ATT             shift, and go to state 11
    CURVE           shift, and go to state 12
    TERM            shift, and go to state 13
    PRESSURE        shift, and go to state 14
    FIXED           shift, and go to state 15
    TIMESTEP        shift, and go to state 16
    SOLV            shift, and go to state 17
    OUTPUT          shift, and go to state 18
    HISTORY         shift, and go to state 19
    HISOUTPUT       shift, and go to state 20
    HOURGLASS       shift, and go to state 21
    STATUSFILE      shift, and go to state 22
    REMOVE          shift, and go to state 23
    BULK_VISCOSITY  shift, and go to state 24
    HISNODE         shift, and go to state 25
    HISELEM         shift, and go to state 26
    DEBUGFLG        shift, and go to state 27
    CLEARDVFLG      shift, and go to state 28
    LOCALDAMP       shift, and go to state 29
    COMBINEDDAMP    shift, and go to state 30
    STATICTERM      shift, and go to state 31
    EXPORTFLAC      shift, and go to state 32
    NODEPART        shift, and go to state 33
    ELEMPART        shift, and go to state 34
    FENQUPL         shift, and go to state 35

    NODE            [reduce using rule 106 (TimeStep)]
    NODE            [reduce using rule 128 (History)]
    ELEMENT         [reduce using rule 106 (TimeStep)]
    ELEMENT         [reduce using rule 128 (History)]
    END             [reduce using rule 106 (TimeStep)]
    END             [reduce using rule 128 (History)]
    MATERIAL        [reduce using rule 106 (TimeStep)]
    MATERIAL        [reduce using rule 128 (History)]
    DISP            [reduce using rule 106 (TimeStep)]
    DISP            [reduce using rule 128 (History)]
    FORCE           [reduce using rule 106 (TimeStep)]
    FORCE           [reduce using rule 128 (History)]
    IVEL            [reduce using rule 106 (TimeStep)]
    IVEL            [reduce using rule 128 (History)]
    IACC            [reduce using rule 106 (TimeStep)]
    IACC            [reduce using rule 128 (History)]
    ISTR            [reduce using rule 106 (TimeStep)]
    ISTR            [reduce using rule 128 (History)]
    JAUMA           [reduce using rule 106 (TimeStep)]
    JAUMA           [reduce using rule 128 (History)]
    GRAV            [reduce using rule 106 (TimeStep)]
    GRAV            [reduce using rule 128 (History)]
    ATT             [reduce using rule 106 (TimeStep)]
    ATT             [reduce using rule 128 (History)]
    CURVE           [reduce using rule 106 (TimeStep)]
    CURVE           [reduce using rule 128 (History)]
    TERM            [reduce using rule 106 (TimeStep)]
    TERM            [reduce using rule 128 (History)]
    PRESSURE        [reduce using rule 106 (TimeStep)]
    PRESSURE        [reduce using rule 128 (History)]
    FIXED           [reduce using rule 106 (TimeStep)]
    FIXED           [reduce using rule 128 (History)]
    TIMESTEP        [reduce using rule 106 (TimeStep)]
    TIMESTEP        [reduce using rule 128 (History)]
    SOLV            [reduce using rule 106 (TimeStep)]
    SOLV            [reduce using rule 128 (History)]
    OUTPUT          [reduce using rule 106 (TimeStep)]
    OUTPUT          [reduce using rule 128 (History)]
    HISTORY         [reduce using rule 106 (TimeStep)]
    HISTORY         [reduce using rule 128 (History)]
    HISOUTPUT       [reduce using rule 106 (TimeStep)]
    HISOUTPUT       [reduce using rule 128 (History)]
    HOURGLASS       [reduce using rule 106 (TimeStep)]
    HOURGLASS       [reduce using rule 128 (History)]
    STATUSFILE      [reduce using rule 106 (TimeStep)]
    STATUSFILE      [reduce using rule 128 (History)]
    REMOVE          [reduce using rule 106 (TimeStep)]
    REMOVE          [reduce using rule 128 (History)]
    BULK_VISCOSITY  [reduce using rule 106 (TimeStep)]
    BULK_VISCOSITY  [reduce using rule 128 (History)]
    HISNODE         [reduce using rule 106 (TimeStep)]
    HISNODE         [reduce using rule 128 (History)]
    HISELEM         [reduce using rule 106 (TimeStep)]
    HISELEM         [reduce using rule 128 (History)]
    DEBUGFLG        [reduce using rule 106 (TimeStep)]
    DEBUGFLG        [reduce using rule 128 (History)]
    CLEARDVFLG      [reduce using rule 106 (TimeStep)]
    CLEARDVFLG      [reduce using rule 128 (History)]
    LOCALDAMP       [reduce using rule 106 (TimeStep)]
    LOCALDAMP       [reduce using rule 128 (History)]
    COMBINEDDAMP    [reduce using rule 106 (TimeStep)]
    COMBINEDDAMP    [reduce using rule 128 (History)]
    STATICTERM      [reduce using rule 106 (TimeStep)]
    STATICTERM      [reduce using rule 128 (History)]
    EXPORTFLAC      [reduce using rule 106 (TimeStep)]
    EXPORTFLAC      [reduce using rule 128 (History)]
    NODEPART        [reduce using rule 106 (TimeStep)]
    NODEPART        [reduce using rule 128 (History)]
    ELEMPART        [reduce using rule 106 (TimeStep)]
    ELEMPART        [reduce using rule 128 (History)]
    FENQUPL         [reduce using rule 106 (TimeStep)]
    FENQUPL         [reduce using rule 128 (History)]

    Component         go to state 117
    NodeSet           go to state 39
    ElemSet           go to state 40
    MatSet            go to state 41
    DirichletBC       go to state 42
    NeumanBC          go to state 43
    IVel              go to state 44
    IAcc              go to state 45
    BoundaryFix       go to state 46
    IStr              go to state 47
    Pressure          go to state 48
    SetLarge          go to state 49
    HourGlassControl  go to state 50
    SetGravity        go to state 51
    SetAttribute      go to state 52
    ReadCurve         go to state 53
    SetEndTime        go to state 54
    TimeStep          go to state 55
    Solver            go to state 56
    OutInfo           go to state 57
    History           go to state 58
    HisOutput         go to state 59
    NodeForHis        go to state 60
    ElemForHis        go to state 61
    WriteStatus       go to state 62
    DeleteElement     go to state 63
    Bulk_Visco        go to state 64
    DebugFlg          go to state 65
    ClearDV           go to state 66
    LocalDamping      go to state 67
    CombinedDamping   go to state 68
    StaticTerm        go to state 69
    ExportFlac        go to state 70
    NodePart          go to state 71
    ElemPart          go to state 72
    FenQu             go to state 73


State 38

    2 All: Component .

    $default  reduce using rule 2 (All)


State 39

    4 Component: NodeSet .
   40 NodeSet: NodeSet . Node

    IntConstant  shift, and go to state 118

    $default  reduce using rule 4 (Component)

    Node     go to state 119
    Integer  go to state 120


State 40

    5 Component: ElemSet .
   47 ElemSet: ElemSet . Element_Solid
   49        | ElemSet . Element

    IntConstant    shift, and go to state 118
    Element_Solid  shift, and go to state 121

    $default  reduce using rule 5 (Component)

    Element  go to state 122
    Integer  go to state 123


State 41

    6 Component: MatSet .

    $default  reduce using rule 6 (Component)


State 42

    7 Component: DirichletBC .

    $default  reduce using rule 7 (Component)


State 43

    8 Component: NeumanBC .

    $default  reduce using rule 8 (Component)


State 44

    9 Component: IVel .

    $default  reduce using rule 9 (Component)


State 45

   10 Component: IAcc .

    $default  reduce using rule 10 (Component)


State 46

   19 Component: BoundaryFix .

    $default  reduce using rule 19 (Component)


State 47

   11 Component: IStr .

    $default  reduce using rule 11 (Component)


State 48

   18 Component: Pressure .

    $default  reduce using rule 18 (Component)


State 49

   12 Component: SetLarge .

    $default  reduce using rule 12 (Component)


State 50

   13 Component: HourGlassControl .

    $default  reduce using rule 13 (Component)


State 51

   14 Component: SetGravity .

    $default  reduce using rule 14 (Component)


State 52

   15 Component: SetAttribute .

    $default  reduce using rule 15 (Component)


State 53

   16 Component: ReadCurve .

    $default  reduce using rule 16 (Component)


State 54

   17 Component: SetEndTime .

    $default  reduce using rule 17 (Component)


State 55

   20 Component: TimeStep .

    $default  reduce using rule 20 (Component)


State 56

   21 Component: Solver .

    $default  reduce using rule 21 (Component)


State 57

   22 Component: OutInfo .

    $default  reduce using rule 22 (Component)


State 58

   23 Component: History .

    $default  reduce using rule 23 (Component)


State 59

   24 Component: HisOutput .

    $default  reduce using rule 24 (Component)


State 60

   25 Component: NodeForHis .

    $default  reduce using rule 25 (Component)


State 61

   26 Component: ElemForHis .

    $default  reduce using rule 26 (Component)


State 62

   27 Component: WriteStatus .

    $default  reduce using rule 27 (Component)


State 63

   28 Component: DeleteElement .

    $default  reduce using rule 28 (Component)


State 64

   29 Component: Bulk_Visco .

    $default  reduce using rule 29 (Component)


State 65

   30 Component: DebugFlg .

    $default  reduce using rule 30 (Component)


State 66

   31 Component: ClearDV .

    $default  reduce using rule 31 (Component)


State 67

   32 Component: LocalDamping .

    $default  reduce using rule 32 (Component)


State 68

   33 Component: CombinedDamping .

    $default  reduce using rule 33 (Component)


State 69

   34 Component: StaticTerm .

    $default  reduce using rule 34 (Component)


State 70

   35 Component: ExportFlac .

    $default  reduce using rule 35 (Component)


State 71

   36 Component: NodePart .

    $default  reduce using rule 36 (Component)


State 72

   37 Component: ElemPart .

    $default  reduce using rule 37 (Component)


State 73

   38 Component: FenQu .

    $default  reduce using rule 38 (Component)


State 74

   39 NodeSet: NODE NewLine . Node

    IntConstant  shift, and go to state 118

    Node     go to state 124
    Integer  go to state 120


State 75

   48 ElemSet: ELEMENT NewLine . Element

    IntConstant  shift, and go to state 118

    Element  go to state 125
    Integer  go to state 123


State 76

   44 ElemSet: ELEMENT COMMA . TYPE EQUALSIGN ET_SOLID NewLine Element_Solid_List
   45        | ELEMENT COMMA . TYPE EQUALSIGN ET_SOLID COMMA EPART EQUALSIGN Integer NewLine Element_Solid_List
   46        | ELEMENT COMMA . EPART EQUALSIGN Integer COMMA TYPE EQUALSIGN ET_SOLID NewLine Element_Solid_List

    TYPE   shift, and go to state 126
    EPART  shift, and go to state 127


State 77

   58 MatSet: MATERIAL NewLine . Integer Integer PropsList
   59       | MATERIAL NewLine . PropsList

    IntConstant  shift, and go to state 128
    DblConstant  shift, and go to state 129

    PropsList  go to state 130
    Props      go to state 131
    Integer    go to state 132
    Float      go to state 133


State 78

   56 MatSet: MATERIAL COMMA . ID EQUALSIGN Integer COMMA TYPE EQUALSIGN MT_ELASTIC NewLine PropsList
   57       | MATERIAL COMMA . TYPE EQUALSIGN MT_ELASTIC COMMA ID EQUALSIGN Integer NewLine PropsList

    TYPE  shift, and go to state 134
    ID    shift, and go to state 135


State 79

   64 DirichletBC: DISP NewLine . BCDataList

    IntConstant  shift, and go to state 118

    BCDataList  go to state 136
    BC_Data     go to state 137
    Integer     go to state 138


State 80

   65 NeumanBC: FORCE NewLine . BCDataList

    IntConstant  shift, and go to state 118

    BCDataList  go to state 139
    BC_Data     go to state 137
    Integer     go to state 138


State 81

   66 IVel: IVEL NewLine . BCDataList

    IntConstant  shift, and go to state 118

    BCDataList  go to state 140
    BC_Data     go to state 137
    Integer     go to state 138


State 82

   67 IAcc: IACC NewLine . BCDataList

    IntConstant  shift, and go to state 118

    BCDataList  go to state 141
    BC_Data     go to state 137
    Integer     go to state 138


State 83

   78 IStr: ISTR NewLine . IStressList

    IntConstant  shift, and go to state 118

    IStressList  go to state 142
    IStressData  go to state 143
    Integer      go to state 144


State 84

   86 SetLarge: JAUMA NewLine .

    $default  reduce using rule 86 (SetLarge)


State 85

   89 SetGravity: GRAV NewLine . Float Float Float NewLine

    IntConstant  shift, and go to state 145
    DblConstant  shift, and go to state 129

    Float  go to state 146


State 86

   90 SetAttribute: ATT NewLine . AttList

    IntConstant  shift, and go to state 118

    AttList  go to state 147
    AttData  go to state 148
    Integer  go to state 149


State 87

   91 SetAttribute: ATT COMMA . TYPE EQUALSIGN EPART NewLine PAttList

    TYPE  shift, and go to state 150


State 88

  101 ReadCurve: CURVE NewLine . CurveDataList

    IntConstant  shift, and go to state 145
    DblConstant  shift, and go to state 129

    CurveDataList  go to state 151
    CurveData      go to state 152
    Float          go to state 153


State 89

  100 ReadCurve: CURVE COMMA . ID EQUALSIGN Integer NewLine CurveDataList

    ID  shift, and go to state 154


State 90

  105 SetEndTime: TERM NewLine . Float NewLine

    IntConstant  shift, and go to state 145
    DblConstant  shift, and go to state 129

    Float  go to state 155


State 91

   82 Pressure: PRESSURE NewLine . PressureList

    IntConstant  shift, and go to state 118

    PressureList  go to state 156
    PresData      go to state 157
    Integer       go to state 158


State 92

   72 BoundaryFix: FIXED NewLine . BCFDataList

    IntConstant  shift, and go to state 118

    BCFDataList  go to state 159
    BCF_Data     go to state 160
    Integer      go to state 161


State 93

  107 TimeStep: TIMESTEP NewLine . Float NewLine

    IntConstant  shift, and go to state 145
    DblConstant  shift, and go to state 129

    Float  go to state 162


State 94

  108 TimeStep: TIMESTEP COMMA . TYPE EQUALSIGN TIMESTEP_AUTO NewLine Float NewLine
  109         | TIMESTEP COMMA . TYPE EQUALSIGN TIMESTEP_FIXED NewLine Float NewLine
  110         | TIMESTEP COMMA . TYPE EQUALSIGN TIMESTEP_CURVE NewLine Integer NewLine

    TYPE  shift, and go to state 163


State 95

  111 Solver: SOLV NewLine . DYNA NewLine

    DYNA  shift, and go to state 164


State 96

  112 OutInfo: OUTPUT NewLine . Integer Integer NewLine NOutList NewLine EOutList NewLine
  113        | OUTPUT NewLine . Integer Float NewLine NOutList NewLine EOutList NewLine
  114        | OUTPUT NewLine . Float NewLine NOutList NewLine EOutList NewLine
  115        | OUTPUT NewLine . Float NewLine
  116        | OUTPUT NewLine . Integer Integer NewLine
  117        | OUTPUT NewLine . Integer Float NewLine
  118        | OUTPUT NewLine . Integer Integer NewLine NOutList NewLine
  119        | OUTPUT NewLine . Integer Float NewLine NOutList NewLine
  120        | OUTPUT NewLine . Float NewLine NOutList NewLine
  121        | OUTPUT NewLine . Integer Integer NewLine EOutList NewLine
  122        | OUTPUT NewLine . Integer Float NewLine EOutList NewLine
  123        | OUTPUT NewLine . Float NewLine EOutList NewLine

    IntConstant  shift, and go to state 128
    DblConstant  shift, and go to state 129

    Integer  go to state 165
    Float    go to state 166


State 97

  129 History: HISTORY NewLine . Integer NewLine

    IntConstant  shift, and go to state 118

    Integer  go to state 167


State 98

  130 HisOutput: HISOUTPUT NewLine . Float NewLine

    IntConstant  shift, and go to state 145
    DblConstant  shift, and go to state 129

    Float  go to state 168


State 99

   87 HourGlassControl: HOURGLASS NewLine . Integer NewLine
   88                 | HOURGLASS NewLine . Integer Float NewLine

    IntConstant  shift, and go to state 118

    Integer  go to state 169


State 100

  137 WriteStatus: STATUSFILE NewLine . Float NewLine
  138            | STATUSFILE NewLine . Integer NewLine

    IntConstant  shift, and go to state 128
    DblConstant  shift, and go to state 129

    Integer  go to state 170
    Float    go to state 171


State 101

  139 DeleteElement: REMOVE NewLine . DelElList

    IntConstant  shift, and go to state 118

    DelElList  go to state 172
    Integer    go to state 173


State 102

  140 DeleteElement: REMOVE COMMA . TYPE EQUALSIGN EPART NewLine DelPList

    TYPE  shift, and go to state 174


State 103

  145 Bulk_Visco: BULK_VISCOSITY NewLine . Float Float NewLine

    IntConstant  shift, and go to state 145
    DblConstant  shift, and go to state 129

    Float  go to state 175


State 104

  131 NodeForHis: HISNODE NewLine . HisNodeList

    IntConstant  shift, and go to state 118

    HisNodeList  go to state 176
    Integer      go to state 177


State 105

  134 ElemForHis: HISELEM NewLine . HisEleList

    IntConstant  shift, and go to state 118

    HisEleList  go to state 178
    Integer     go to state 179


State 106

  146 DebugFlg: DEBUGFLG NewLine .

    $default  reduce using rule 146 (DebugFlg)


State 107

  147 ClearDV: CLEARDVFLG NewLine .

    $default  reduce using rule 147 (ClearDV)


State 108

  148 LocalDamping: LOCALDAMP NewLine .
  149             | LOCALDAMP NewLine . Float NewLine

    IntConstant  shift, and go to state 145
    DblConstant  shift, and go to state 129

    $default  reduce using rule 148 (LocalDamping)

    Float  go to state 180


State 109

  150 CombinedDamping: COMBINEDDAMP NewLine .
  151                | COMBINEDDAMP NewLine . Float NewLine

    IntConstant  shift, and go to state 145
    DblConstant  shift, and go to state 129

    $default  reduce using rule 150 (CombinedDamping)

    Float  go to state 181


State 110

  152 StaticTerm: STATICTERM NewLine .
  153           | STATICTERM NewLine . Float NewLine

    IntConstant  shift, and go to state 145
    DblConstant  shift, and go to state 129

    $default  reduce using rule 152 (StaticTerm)

    Float  go to state 182


State 111

  154 ExportFlac: EXPORTFLAC NewLine .

    $default  reduce using rule 154 (ExportFlac)


State 112

  155 NodePart: NODEPART COMMA . ID EQUALSIGN Integer NewLine PartList

    ID  shift, and go to state 183


State 113

  156 ElemPart: ELEMPART COMMA . ID EQUALSIGN Integer NewLine PartList

    ID  shift, and go to state 184


State 114

  159 FenQu: FENQUPL NewLine . Float Float Float Float NewLine

    IntConstant  shift, and go to state 145
    DblConstant  shift, and go to state 129

    Float  go to state 185


State 115

    0 $accept: FinalizedData $end .

    $default  accept


State 116

    1 FinalizedData: All END .

    $default  reduce using rule 1 (FinalizedData)


State 117

    3 All: All Component .

    $default  reduce using rule 3 (All)


State 118

  160 Integer: IntConstant .

    $default  reduce using rule 160 (Integer)


State 119

   40 NodeSet: NodeSet Node .

    $default  reduce using rule 40 (NodeSet)


State 120

   41 Node: Integer . Float Float Float NewLine
   42     | Integer . Float Float NewLine
   43     | Integer . Float NewLine

    IntConstant  shift, and go to state 145
    DblConstant  shift, and go to state 129

    Float  go to state 186


State 121

   47 ElemSet: ElemSet Element_Solid .

    $default  reduce using rule 47 (ElemSet)


State 122

   49 ElemSet: ElemSet Element .

    $default  reduce using rule 49 (ElemSet)


State 123

   50 Element: Integer . Integer NodeNums NewLine

    IntConstant  shift, and go to state 118

    Integer  go to state 187


State 124

   39 NodeSet: NODE NewLine Node .

    $default  reduce using rule 39 (NodeSet)


State 125

   48 ElemSet: ELEMENT NewLine Element .

    $default  reduce using rule 48 (ElemSet)


State 126

   44 ElemSet: ELEMENT COMMA TYPE . EQUALSIGN ET_SOLID NewLine Element_Solid_List
   45        | ELEMENT COMMA TYPE . EQUALSIGN ET_SOLID COMMA EPART EQUALSIGN Integer NewLine Element_Solid_List

    EQUALSIGN  shift, and go to state 188


State 127

   46 ElemSet: ELEMENT COMMA EPART . EQUALSIGN Integer COMMA TYPE EQUALSIGN ET_SOLID NewLine Element_Solid_List

    EQUALSIGN  shift, and go to state 189


State 128

  160 Integer: IntConstant .
  161 Float: IntConstant .

    IntConstant  reduce using rule 160 (Integer)
    IntConstant  [reduce using rule 161 (Float)]
    DblConstant  reduce using rule 160 (Integer)
    DblConstant  [reduce using rule 161 (Float)]
    NewLine      reduce using rule 160 (Integer)
    NewLine      [reduce using rule 161 (Float)]
    $default     reduce using rule 160 (Integer)


State 129

  162 Float: DblConstant .

    $default  reduce using rule 162 (Float)


State 130

   59 MatSet: MATERIAL NewLine PropsList .
   61 PropsList: PropsList . Props NewLine

    IntConstant  shift, and go to state 145
    DblConstant  shift, and go to state 129

    $default  reduce using rule 59 (MatSet)

    Props  go to state 190
    Float  go to state 133


State 131

   60 PropsList: Props . NewLine
   63 Props: Props . Float

    IntConstant  shift, and go to state 145
    DblConstant  shift, and go to state 129
    NewLine      shift, and go to state 191

    Float  go to state 192


State 132

   58 MatSet: MATERIAL NewLine Integer . Integer PropsList

    IntConstant  shift, and go to state 118

    Integer  go to state 193


State 133

   62 Props: Float .

    $default  reduce using rule 62 (Props)


State 134

   57 MatSet: MATERIAL COMMA TYPE . EQUALSIGN MT_ELASTIC COMMA ID EQUALSIGN Integer NewLine PropsList

    EQUALSIGN  shift, and go to state 194


State 135

   56 MatSet: MATERIAL COMMA ID . EQUALSIGN Integer COMMA TYPE EQUALSIGN MT_ELASTIC NewLine PropsList

    EQUALSIGN  shift, and go to state 195


State 136

   64 DirichletBC: DISP NewLine BCDataList .
   69 BCDataList: BCDataList . BC_Data

    IntConstant  shift, and go to state 118

    $default  reduce using rule 64 (DirichletBC)

    BC_Data  go to state 196
    Integer  go to state 138


State 137

   68 BCDataList: BC_Data .

    $default  reduce using rule 68 (BCDataList)


State 138

   70 BC_Data: Integer . Integer Integer Float NewLine
   71        | Integer . Integer NewLine

    IntConstant  shift, and go to state 118

    Integer  go to state 197


State 139

   65 NeumanBC: FORCE NewLine BCDataList .
   69 BCDataList: BCDataList . BC_Data

    IntConstant  shift, and go to state 118

    $default  reduce using rule 65 (NeumanBC)

    BC_Data  go to state 196
    Integer  go to state 138


State 140

   66 IVel: IVEL NewLine BCDataList .
   69 BCDataList: BCDataList . BC_Data

    IntConstant  shift, and go to state 118

    $default  reduce using rule 66 (IVel)

    BC_Data  go to state 196
    Integer  go to state 138


State 141

   67 IAcc: IACC NewLine BCDataList .
   69 BCDataList: BCDataList . BC_Data

    IntConstant  shift, and go to state 118

    $default  reduce using rule 67 (IAcc)

    BC_Data  go to state 196
    Integer  go to state 138


State 142

   78 IStr: ISTR NewLine IStressList .
   80 IStressList: IStressList . IStressData

    IntConstant  shift, and go to state 118

    $default  reduce using rule 78 (IStr)

    IStressData  go to state 198
    Integer      go to state 144


State 143

   79 IStressList: IStressData .

    $default  reduce using rule 79 (IStressList)


State 144

   81 IStressData: Integer . Float Float Float Float Float Float NewLine

    IntConstant  shift, and go to state 145
    DblConstant  shift, and go to state 129

    Float  go to state 199


State 145

  161 Float: IntConstant .

    $default  reduce using rule 161 (Float)


State 146

   89 SetGravity: GRAV NewLine Float . Float Float NewLine

    IntConstant  shift, and go to state 145
    DblConstant  shift, and go to state 129

    Float  go to state 200


State 147

   90 SetAttribute: ATT NewLine AttList .
   93 AttList: AttList . AttData

    IntConstant  shift, and go to state 118

    $default  reduce using rule 90 (SetAttribute)

    AttData  go to state 201
    Integer  go to state 149


State 148

   92 AttList: AttData .

    $default  reduce using rule 92 (AttList)


State 149

   94 AttData: Integer . Integer NewLine
   95        | Integer . Integer Integer NewLine

    IntConstant  shift, and go to state 118

    Integer  go to state 202


State 150

   91 SetAttribute: ATT COMMA TYPE . EQUALSIGN EPART NewLine PAttList

    EQUALSIGN  shift, and go to state 203


State 151

  101 ReadCurve: CURVE NewLine CurveDataList .
  103 CurveDataList: CurveDataList . CurveData

    IntConstant  shift, and go to state 145
    DblConstant  shift, and go to state 129

    $default  reduce using rule 101 (ReadCurve)

    CurveData  go to state 204
    Float      go to state 153


State 152

  102 CurveDataList: CurveData .

    $default  reduce using rule 102 (CurveDataList)


State 153

  104 CurveData: Float . Float NewLine

    IntConstant  shift, and go to state 145
    DblConstant  shift, and go to state 129

    Float  go to state 205


State 154

  100 ReadCurve: CURVE COMMA ID . EQUALSIGN Integer NewLine CurveDataList

    EQUALSIGN  shift, and go to state 206


State 155

  105 SetEndTime: TERM NewLine Float . NewLine

    NewLine  shift, and go to state 207


State 156

   82 Pressure: PRESSURE NewLine PressureList .
   84 PressureList: PressureList . PresData

    IntConstant  shift, and go to state 118

    $default  reduce using rule 82 (Pressure)

    PresData  go to state 208
    Integer   go to state 158


State 157

   83 PressureList: PresData .

    $default  reduce using rule 83 (PressureList)


State 158

   85 PresData: Integer . Float Integer Integer Integer Integer NewLine

    IntConstant  shift, and go to state 145
    DblConstant  shift, and go to state 129

    Float  go to state 209


State 159

   72 BoundaryFix: FIXED NewLine BCFDataList .
   74 BCFDataList: BCFDataList . BCF_Data

    IntConstant  shift, and go to state 118

    $default  reduce using rule 72 (BoundaryFix)

    BCF_Data  go to state 210
    Integer   go to state 161


State 160

   73 BCFDataList: BCF_Data .

    $default  reduce using rule 73 (BCFDataList)


State 161

   75 BCF_Data: Integer . Integer Integer Integer NewLine
   76         | Integer . Integer NewLine
   77         | Integer . Integer Integer NewLine

    IntConstant  shift, and go to state 118

    Integer  go to state 211


State 162

  107 TimeStep: TIMESTEP NewLine Float . NewLine

    NewLine  shift, and go to state 212


State 163

  108 TimeStep: TIMESTEP COMMA TYPE . EQUALSIGN TIMESTEP_AUTO NewLine Float NewLine
  109         | TIMESTEP COMMA TYPE . EQUALSIGN TIMESTEP_FIXED NewLine Float NewLine
  110         | TIMESTEP COMMA TYPE . EQUALSIGN TIMESTEP_CURVE NewLine Integer NewLine

    EQUALSIGN  shift, and go to state 213


State 164

  111 Solver: SOLV NewLine DYNA . NewLine

    NewLine  shift, and go to state 214


State 165

  112 OutInfo: OUTPUT NewLine Integer . Integer NewLine NOutList NewLine EOutList NewLine
  113        | OUTPUT NewLine Integer . Float NewLine NOutList NewLine EOutList NewLine
  116        | OUTPUT NewLine Integer . Integer NewLine
  117        | OUTPUT NewLine Integer . Float NewLine
  118        | OUTPUT NewLine Integer . Integer NewLine NOutList NewLine
  119        | OUTPUT NewLine Integer . Float NewLine NOutList NewLine
  121        | OUTPUT NewLine Integer . Integer NewLine EOutList NewLine
  122        | OUTPUT NewLine Integer . Float NewLine EOutList NewLine

    IntConstant  shift, and go to state 128
    DblConstant  shift, and go to state 129

    Integer  go to state 215
    Float    go to state 216


State 166

  114 OutInfo: OUTPUT NewLine Float . NewLine NOutList NewLine EOutList NewLine
  115        | OUTPUT NewLine Float . NewLine
  120        | OUTPUT NewLine Float . NewLine NOutList NewLine
  123        | OUTPUT NewLine Float . NewLine EOutList NewLine

    NewLine  shift, and go to state 217


State 167

  129 History: HISTORY NewLine Integer . NewLine

    NewLine  shift, and go to state 218


State 168

  130 HisOutput: HISOUTPUT NewLine Float . NewLine

    NewLine  shift, and go to state 219


State 169

   87 HourGlassControl: HOURGLASS NewLine Integer . NewLine
   88                 | HOURGLASS NewLine Integer . Float NewLine

    IntConstant  shift, and go to state 145
    DblConstant  shift, and go to state 129
    NewLine      shift, and go to state 220

    Float  go to state 221


State 170

  138 WriteStatus: STATUSFILE NewLine Integer . NewLine

    NewLine  shift, and go to state 222


State 171

  137 WriteStatus: STATUSFILE NewLine Float . NewLine

    NewLine  shift, and go to state 223


State 172

  139 DeleteElement: REMOVE NewLine DelElList .
  142 DelElList: DelElList . Integer NewLine

    IntConstant  shift, and go to state 118

    $default  reduce using rule 139 (DeleteElement)

    Integer  go to state 224


State 173

  141 DelElList: Integer . NewLine

    NewLine  shift, and go to state 225


State 174

  140 DeleteElement: REMOVE COMMA TYPE . EQUALSIGN EPART NewLine DelPList

    EQUALSIGN  shift, and go to state 226


State 175

  145 Bulk_Visco: BULK_VISCOSITY NewLine Float . Float NewLine

    IntConstant  shift, and go to state 145
    DblConstant  shift, and go to state 129

    Float  go to state 227


State 176

  131 NodeForHis: HISNODE NewLine HisNodeList .
  133 HisNodeList: HisNodeList . Integer NewLine

    IntConstant  shift, and go to state 118

    $default  reduce using rule 131 (NodeForHis)

    Integer  go to state 228


State 177

  132 HisNodeList: Integer . NewLine

    NewLine  shift, and go to state 229


State 178

  134 ElemForHis: HISELEM NewLine HisEleList .
  136 HisEleList: HisEleList . Integer NewLine

    IntConstant  shift, and go to state 118

    $default  reduce using rule 134 (ElemForHis)

    Integer  go to state 230


State 179

  135 HisEleList: Integer . NewLine

    NewLine  shift, and go to state 231


State 180

  149 LocalDamping: LOCALDAMP NewLine Float . NewLine

    NewLine  shift, and go to state 232


State 181

  151 CombinedDamping: COMBINEDDAMP NewLine Float . NewLine

    NewLine  shift, and go to state 233


State 182

  153 StaticTerm: STATICTERM NewLine Float . NewLine

    NewLine  shift, and go to state 234


State 183

  155 NodePart: NODEPART COMMA ID . EQUALSIGN Integer NewLine PartList

    EQUALSIGN  shift, and go to state 235


State 184

  156 ElemPart: ELEMPART COMMA ID . EQUALSIGN Integer NewLine PartList

    EQUALSIGN  shift, and go to state 236


State 185

  159 FenQu: FENQUPL NewLine Float . Float Float Float NewLine

    IntConstant  shift, and go to state 145
    DblConstant  shift, and go to state 129

    Float  go to state 237


State 186

   41 Node: Integer Float . Float Float NewLine
   42     | Integer Float . Float NewLine
   43     | Integer Float . NewLine

    IntConstant  shift, and go to state 145
    DblConstant  shift, and go to state 129
    NewLine      shift, and go to state 238

    Float  go to state 239


State 187

   50 Element: Integer Integer . NodeNums NewLine

    IntConstant  shift, and go to state 118
    GENERATE     shift, and go to state 240

    NodeNums  go to state 241
    Integer   go to state 242


State 188

   44 ElemSet: ELEMENT COMMA TYPE EQUALSIGN . ET_SOLID NewLine Element_Solid_List
   45        | ELEMENT COMMA TYPE EQUALSIGN . ET_SOLID COMMA EPART EQUALSIGN Integer NewLine Element_Solid_List

    ET_SOLID  shift, and go to state 243


State 189

   46 ElemSet: ELEMENT COMMA EPART EQUALSIGN . Integer COMMA TYPE EQUALSIGN ET_SOLID NewLine Element_Solid_List

    IntConstant  shift, and go to state 118

    Integer  go to state 244


State 190

   61 PropsList: PropsList Props . NewLine
   63 Props: Props . Float

    IntConstant  shift, and go to state 145
    DblConstant  shift, and go to state 129
    NewLine      shift, and go to state 245

    Float  go to state 192


State 191

   60 PropsList: Props NewLine .

    $default  reduce using rule 60 (PropsList)


State 192

   63 Props: Props Float .

    $default  reduce using rule 63 (Props)


State 193

   58 MatSet: MATERIAL NewLine Integer Integer . PropsList

    IntConstant  shift, and go to state 145
    DblConstant  shift, and go to state 129

    PropsList  go to state 246
    Props      go to state 131
    Float      go to state 133


State 194

   57 MatSet: MATERIAL COMMA TYPE EQUALSIGN . MT_ELASTIC COMMA ID EQUALSIGN Integer NewLine PropsList

    MT_ELASTIC  shift, and go to state 247


State 195

   56 MatSet: MATERIAL COMMA ID EQUALSIGN . Integer COMMA TYPE EQUALSIGN MT_ELASTIC NewLine PropsList

    IntConstant  shift, and go to state 118

    Integer  go to state 248


State 196

   69 BCDataList: BCDataList BC_Data .

    $default  reduce using rule 69 (BCDataList)


State 197

   70 BC_Data: Integer Integer . Integer Float NewLine
   71        | Integer Integer . NewLine

    IntConstant  shift, and go to state 118
    NewLine      shift, and go to state 249

    Integer  go to state 250


State 198

   80 IStressList: IStressList IStressData .

    $default  reduce using rule 80 (IStressList)


State 199

   81 IStressData: Integer Float . Float Float Float Float Float NewLine

    IntConstant  shift, and go to state 145
    DblConstant  shift, and go to state 129

    Float  go to state 251


State 200

   89 SetGravity: GRAV NewLine Float Float . Float NewLine

    IntConstant  shift, and go to state 145
    DblConstant  shift, and go to state 129

    Float  go to state 252


State 201

   93 AttList: AttList AttData .

    $default  reduce using rule 93 (AttList)


State 202

   94 AttData: Integer Integer . NewLine
   95        | Integer Integer . Integer NewLine

    IntConstant  shift, and go to state 118
    NewLine      shift, and go to state 253

    Integer  go to state 254


State 203

   91 SetAttribute: ATT COMMA TYPE EQUALSIGN . EPART NewLine PAttList

    EPART  shift, and go to state 255


State 204

  103 CurveDataList: CurveDataList CurveData .

    $default  reduce using rule 103 (CurveDataList)


State 205

  104 CurveData: Float Float . NewLine

    NewLine  shift, and go to state 256


State 206

  100 ReadCurve: CURVE COMMA ID EQUALSIGN . Integer NewLine CurveDataList

    IntConstant  shift, and go to state 118

    Integer  go to state 257


State 207

  105 SetEndTime: TERM NewLine Float NewLine .

    $default  reduce using rule 105 (SetEndTime)


State 208

   84 PressureList: PressureList PresData .

    $default  reduce using rule 84 (PressureList)


State 209

   85 PresData: Integer Float . Integer Integer Integer Integer NewLine

    IntConstant  shift, and go to state 118

    Integer  go to state 258


State 210

   74 BCFDataList: BCFDataList BCF_Data .

    $default  reduce using rule 74 (BCFDataList)


State 211

   75 BCF_Data: Integer Integer . Integer Integer NewLine
   76         | Integer Integer . NewLine
   77         | Integer Integer . Integer NewLine

    IntConstant  shift, and go to state 118
    NewLine      shift, and go to state 259

    Integer  go to state 260


State 212

  107 TimeStep: TIMESTEP NewLine Float NewLine .

    $default  reduce using rule 107 (TimeStep)


State 213

  108 TimeStep: TIMESTEP COMMA TYPE EQUALSIGN . TIMESTEP_AUTO NewLine Float NewLine
  109         | TIMESTEP COMMA TYPE EQUALSIGN . TIMESTEP_FIXED NewLine Float NewLine
  110         | TIMESTEP COMMA TYPE EQUALSIGN . TIMESTEP_CURVE NewLine Integer NewLine

    TIMESTEP_FIXED  shift, and go to state 261
    TIMESTEP_CURVE  shift, and go to state 262
    TIMESTEP_AUTO   shift, and go to state 263


State 214

  111 Solver: SOLV NewLine DYNA NewLine .

    $default  reduce using rule 111 (Solver)


State 215

  112 OutInfo: OUTPUT NewLine Integer Integer . NewLine NOutList NewLine EOutList NewLine
  116        | OUTPUT NewLine Integer Integer . NewLine
  118        | OUTPUT NewLine Integer Integer . NewLine NOutList NewLine
  121        | OUTPUT NewLine Integer Integer . NewLine EOutList NewLine

    NewLine  shift, and go to state 264


State 216

  113 OutInfo: OUTPUT NewLine Integer Float . NewLine NOutList NewLine EOutList NewLine
  117        | OUTPUT NewLine Integer Float . NewLine
  119        | OUTPUT NewLine Integer Float . NewLine NOutList NewLine
  122        | OUTPUT NewLine Integer Float . NewLine EOutList NewLine

    NewLine  shift, and go to state 265


State 217

  114 OutInfo: OUTPUT NewLine Float NewLine . NOutList NewLine EOutList NewLine
  115        | OUTPUT NewLine Float NewLine .
  120        | OUTPUT NewLine Float NewLine . NOutList NewLine
  123        | OUTPUT NewLine Float NewLine . EOutList NewLine

    NOUTPUTID  shift, and go to state 266
    EOUTPUTID  shift, and go to state 267

    $default  reduce using rule 115 (OutInfo)

    NOutList  go to state 268
    EOutList  go to state 269


State 218

  129 History: HISTORY NewLine Integer NewLine .

    $default  reduce using rule 129 (History)


State 219

  130 HisOutput: HISOUTPUT NewLine Float NewLine .

    $default  reduce using rule 130 (HisOutput)


State 220

   87 HourGlassControl: HOURGLASS NewLine Integer NewLine .

    $default  reduce using rule 87 (HourGlassControl)


State 221

   88 HourGlassControl: HOURGLASS NewLine Integer Float . NewLine

    NewLine  shift, and go to state 270


State 222

  138 WriteStatus: STATUSFILE NewLine Integer NewLine .

    $default  reduce using rule 138 (WriteStatus)


State 223

  137 WriteStatus: STATUSFILE NewLine Float NewLine .

    $default  reduce using rule 137 (WriteStatus)


State 224

  142 DelElList: DelElList Integer . NewLine

    NewLine  shift, and go to state 271


State 225

  141 DelElList: Integer NewLine .

    $default  reduce using rule 141 (DelElList)


State 226

  140 DeleteElement: REMOVE COMMA TYPE EQUALSIGN . EPART NewLine DelPList

    EPART  shift, and go to state 272


State 227

  145 Bulk_Visco: BULK_VISCOSITY NewLine Float Float . NewLine

    NewLine  shift, and go to state 273


State 228

  133 HisNodeList: HisNodeList Integer . NewLine

    NewLine  shift, and go to state 274


State 229

  132 HisNodeList: Integer NewLine .

    $default  reduce using rule 132 (HisNodeList)


State 230

  136 HisEleList: HisEleList Integer . NewLine

    NewLine  shift, and go to state 275


State 231

  135 HisEleList: Integer NewLine .

    $default  reduce using rule 135 (HisEleList)


State 232

  149 LocalDamping: LOCALDAMP NewLine Float NewLine .

    $default  reduce using rule 149 (LocalDamping)


State 233

  151 CombinedDamping: COMBINEDDAMP NewLine Float NewLine .

    $default  reduce using rule 151 (CombinedDamping)


State 234

  153 StaticTerm: STATICTERM NewLine Float NewLine .

    $default  reduce using rule 153 (StaticTerm)


State 235

  155 NodePart: NODEPART COMMA ID EQUALSIGN . Integer NewLine PartList

    IntConstant  shift, and go to state 118

    Integer  go to state 276


State 236

  156 ElemPart: ELEMPART COMMA ID EQUALSIGN . Integer NewLine PartList

    IntConstant  shift, and go to state 118

    Integer  go to state 277


State 237

  159 FenQu: FENQUPL NewLine Float Float . Float Float NewLine

    IntConstant  shift, and go to state 145
    DblConstant  shift, and go to state 129

    Float  go to state 278


State 238

   43 Node: Integer Float NewLine .

    $default  reduce using rule 43 (Node)


State 239

   41 Node: Integer Float Float . Float NewLine
   42     | Integer Float Float . NewLine

    IntConstant  shift, and go to state 145
    DblConstant  shift, and go to state 129
    NewLine      shift, and go to state 279

    Float  go to state 280


State 240

   55 NodeNums: GENERATE . Integer Integer Integer

    IntConstant  shift, and go to state 118

    Integer  go to state 281


State 241

   50 Element: Integer Integer NodeNums . NewLine
   54 NodeNums: NodeNums . Integer

    IntConstant  shift, and go to state 118
    NewLine      shift, and go to state 282

    Integer  go to state 283


State 242

   53 NodeNums: Integer .

    $default  reduce using rule 53 (NodeNums)


State 243

   44 ElemSet: ELEMENT COMMA TYPE EQUALSIGN ET_SOLID . NewLine Element_Solid_List
   45        | ELEMENT COMMA TYPE EQUALSIGN ET_SOLID . COMMA EPART EQUALSIGN Integer NewLine Element_Solid_List

    NewLine  shift, and go to state 284
    COMMA    shift, and go to state 285


State 244

   46 ElemSet: ELEMENT COMMA EPART EQUALSIGN Integer . COMMA TYPE EQUALSIGN ET_SOLID NewLine Element_Solid_List

    COMMA  shift, and go to state 286


State 245

   61 PropsList: PropsList Props NewLine .

    $default  reduce using rule 61 (PropsList)


State 246

   58 MatSet: MATERIAL NewLine Integer Integer PropsList .
   61 PropsList: PropsList . Props NewLine

    IntConstant  shift, and go to state 145
    DblConstant  shift, and go to state 129

    $default  reduce using rule 58 (MatSet)

    Props  go to state 190
    Float  go to state 133


State 247

   57 MatSet: MATERIAL COMMA TYPE EQUALSIGN MT_ELASTIC . COMMA ID EQUALSIGN Integer NewLine PropsList

    COMMA  shift, and go to state 287


State 248

   56 MatSet: MATERIAL COMMA ID EQUALSIGN Integer . COMMA TYPE EQUALSIGN MT_ELASTIC NewLine PropsList

    COMMA  shift, and go to state 288


State 249

   71 BC_Data: Integer Integer NewLine .

    $default  reduce using rule 71 (BC_Data)


State 250

   70 BC_Data: Integer Integer Integer . Float NewLine

    IntConstant  shift, and go to state 145
    DblConstant  shift, and go to state 129

    Float  go to state 289


State 251

   81 IStressData: Integer Float Float . Float Float Float Float NewLine

    IntConstant  shift, and go to state 145
    DblConstant  shift, and go to state 129

    Float  go to state 290


State 252

   89 SetGravity: GRAV NewLine Float Float Float . NewLine

    NewLine  shift, and go to state 291


State 253

   94 AttData: Integer Integer NewLine .

    $default  reduce using rule 94 (AttData)


State 254

   95 AttData: Integer Integer Integer . NewLine

    NewLine  shift, and go to state 292


State 255

   91 SetAttribute: ATT COMMA TYPE EQUALSIGN EPART . NewLine PAttList

    NewLine  shift, and go to state 293


State 256

  104 CurveData: Float Float NewLine .

    $default  reduce using rule 104 (CurveData)


State 257

  100 ReadCurve: CURVE COMMA ID EQUALSIGN Integer . NewLine CurveDataList

    NewLine  shift, and go to state 294


State 258

   85 PresData: Integer Float Integer . Integer Integer Integer NewLine

    IntConstant  shift, and go to state 118

    Integer  go to state 295


State 259

   76 BCF_Data: Integer Integer NewLine .

    $default  reduce using rule 76 (BCF_Data)


State 260

   75 BCF_Data: Integer Integer Integer . Integer NewLine
   77         | Integer Integer Integer . NewLine

    IntConstant  shift, and go to state 118
    NewLine      shift, and go to state 296

    Integer  go to state 297


State 261

  109 TimeStep: TIMESTEP COMMA TYPE EQUALSIGN TIMESTEP_FIXED . NewLine Float NewLine

    NewLine  shift, and go to state 298


State 262

  110 TimeStep: TIMESTEP COMMA TYPE EQUALSIGN TIMESTEP_CURVE . NewLine Integer NewLine

    NewLine  shift, and go to state 299


State 263

  108 TimeStep: TIMESTEP COMMA TYPE EQUALSIGN TIMESTEP_AUTO . NewLine Float NewLine

    NewLine  shift, and go to state 300


State 264

  112 OutInfo: OUTPUT NewLine Integer Integer NewLine . NOutList NewLine EOutList NewLine
  116        | OUTPUT NewLine Integer Integer NewLine .
  118        | OUTPUT NewLine Integer Integer NewLine . NOutList NewLine
  121        | OUTPUT NewLine Integer Integer NewLine . EOutList NewLine

    NOUTPUTID  shift, and go to state 266
    EOUTPUTID  shift, and go to state 267

    $default  reduce using rule 116 (OutInfo)

    NOutList  go to state 301
    EOutList  go to state 302


State 265

  113 OutInfo: OUTPUT NewLine Integer Float NewLine . NOutList NewLine EOutList NewLine
  117        | OUTPUT NewLine Integer Float NewLine .
  119        | OUTPUT NewLine Integer Float NewLine . NOutList NewLine
  122        | OUTPUT NewLine Integer Float NewLine . EOutList NewLine

    NOUTPUTID  shift, and go to state 266
    EOUTPUTID  shift, and go to state 267

    $default  reduce using rule 117 (OutInfo)

    NOutList  go to state 303
    EOutList  go to state 304


State 266

  124 NOutList: NOUTPUTID .

    $default  reduce using rule 124 (NOutList)


State 267

  126 EOutList: EOUTPUTID .

    $default  reduce using rule 126 (EOutList)


State 268

  114 OutInfo: OUTPUT NewLine Float NewLine NOutList . NewLine EOutList NewLine
  120        | OUTPUT NewLine Float NewLine NOutList . NewLine
  125 NOutList: NOutList . NOUTPUTID

    NewLine    shift, and go to state 305
    NOUTPUTID  shift, and go to state 306


State 269

  123 OutInfo: OUTPUT NewLine Float NewLine EOutList . NewLine
  127 EOutList: EOutList . EOUTPUTID

    NewLine    shift, and go to state 307
    EOUTPUTID  shift, and go to state 308


State 270

   88 HourGlassControl: HOURGLASS NewLine Integer Float NewLine .

    $default  reduce using rule 88 (HourGlassControl)


State 271

  142 DelElList: DelElList Integer NewLine .

    $default  reduce using rule 142 (DelElList)


State 272

  140 DeleteElement: REMOVE COMMA TYPE EQUALSIGN EPART . NewLine DelPList

    NewLine  shift, and go to state 309


State 273

  145 Bulk_Visco: BULK_VISCOSITY NewLine Float Float NewLine .

    $default  reduce using rule 145 (Bulk_Visco)


State 274

  133 HisNodeList: HisNodeList Integer NewLine .

    $default  reduce using rule 133 (HisNodeList)


State 275

  136 HisEleList: HisEleList Integer NewLine .

    $default  reduce using rule 136 (HisEleList)


State 276

  155 NodePart: NODEPART COMMA ID EQUALSIGN Integer . NewLine PartList

    NewLine  shift, and go to state 310


State 277

  156 ElemPart: ELEMPART COMMA ID EQUALSIGN Integer . NewLine PartList

    NewLine  shift, and go to state 311


State 278

  159 FenQu: FENQUPL NewLine Float Float Float . Float NewLine

    IntConstant  shift, and go to state 145
    DblConstant  shift, and go to state 129

    Float  go to state 312


State 279

   42 Node: Integer Float Float NewLine .

    $default  reduce using rule 42 (Node)


State 280

   41 Node: Integer Float Float Float . NewLine

    NewLine  shift, and go to state 313


State 281

   55 NodeNums: GENERATE Integer . Integer Integer

    IntConstant  shift, and go to state 118

    Integer  go to state 314


State 282

   50 Element: Integer Integer NodeNums NewLine .

    $default  reduce using rule 50 (Element)


State 283

   54 NodeNums: NodeNums Integer .

    $default  reduce using rule 54 (NodeNums)


State 284

   44 ElemSet: ELEMENT COMMA TYPE EQUALSIGN ET_SOLID NewLine . Element_Solid_List

    IntConstant  shift, and go to state 118

    Element_Solid_List  go to state 315
    Integer             go to state 316


State 285

   45 ElemSet: ELEMENT COMMA TYPE EQUALSIGN ET_SOLID COMMA . EPART EQUALSIGN Integer NewLine Element_Solid_List

    EPART  shift, and go to state 317


State 286

   46 ElemSet: ELEMENT COMMA EPART EQUALSIGN Integer COMMA . TYPE EQUALSIGN ET_SOLID NewLine Element_Solid_List

    TYPE  shift, and go to state 318


State 287

   57 MatSet: MATERIAL COMMA TYPE EQUALSIGN MT_ELASTIC COMMA . ID EQUALSIGN Integer NewLine PropsList

    ID  shift, and go to state 319


State 288

   56 MatSet: MATERIAL COMMA ID EQUALSIGN Integer COMMA . TYPE EQUALSIGN MT_ELASTIC NewLine PropsList

    TYPE  shift, and go to state 320


State 289

   70 BC_Data: Integer Integer Integer Float . NewLine

    NewLine  shift, and go to state 321


State 290

   81 IStressData: Integer Float Float Float . Float Float Float NewLine

    IntConstant  shift, and go to state 145
    DblConstant  shift, and go to state 129

    Float  go to state 322


State 291

   89 SetGravity: GRAV NewLine Float Float Float NewLine .

    $default  reduce using rule 89 (SetGravity)


State 292

   95 AttData: Integer Integer Integer NewLine .

    $default  reduce using rule 95 (AttData)


State 293

   91 SetAttribute: ATT COMMA TYPE EQUALSIGN EPART NewLine . PAttList

    IntConstant  shift, and go to state 118

    PAttList  go to state 323
    PAttData  go to state 324
    Integer   go to state 325


State 294

  100 ReadCurve: CURVE COMMA ID EQUALSIGN Integer NewLine . CurveDataList

    IntConstant  shift, and go to state 145
    DblConstant  shift, and go to state 129

    CurveDataList  go to state 326
    CurveData      go to state 152
    Float          go to state 153


State 295

   85 PresData: Integer Float Integer Integer . Integer Integer NewLine

    IntConstant  shift, and go to state 118

    Integer  go to state 327


State 296

   77 BCF_Data: Integer Integer Integer NewLine .

    $default  reduce using rule 77 (BCF_Data)


State 297

   75 BCF_Data: Integer Integer Integer Integer . NewLine

    NewLine  shift, and go to state 328


State 298

  109 TimeStep: TIMESTEP COMMA TYPE EQUALSIGN TIMESTEP_FIXED NewLine . Float NewLine

    IntConstant  shift, and go to state 145
    DblConstant  shift, and go to state 129

    Float  go to state 329


State 299

  110 TimeStep: TIMESTEP COMMA TYPE EQUALSIGN TIMESTEP_CURVE NewLine . Integer NewLine

    IntConstant  shift, and go to state 118

    Integer  go to state 330


State 300

  108 TimeStep: TIMESTEP COMMA TYPE EQUALSIGN TIMESTEP_AUTO NewLine . Float NewLine

    IntConstant  shift, and go to state 145
    DblConstant  shift, and go to state 129

    Float  go to state 331


State 301

  112 OutInfo: OUTPUT NewLine Integer Integer NewLine NOutList . NewLine EOutList NewLine
  118        | OUTPUT NewLine Integer Integer NewLine NOutList . NewLine
  125 NOutList: NOutList . NOUTPUTID

    NewLine    shift, and go to state 332
    NOUTPUTID  shift, and go to state 306


State 302

  121 OutInfo: OUTPUT NewLine Integer Integer NewLine EOutList . NewLine
  127 EOutList: EOutList . EOUTPUTID

    NewLine    shift, and go to state 333
    EOUTPUTID  shift, and go to state 308


State 303

  113 OutInfo: OUTPUT NewLine Integer Float NewLine NOutList . NewLine EOutList NewLine
  119        | OUTPUT NewLine Integer Float NewLine NOutList . NewLine
  125 NOutList: NOutList . NOUTPUTID

    NewLine    shift, and go to state 334
    NOUTPUTID  shift, and go to state 306


State 304

  122 OutInfo: OUTPUT NewLine Integer Float NewLine EOutList . NewLine
  127 EOutList: EOutList . EOUTPUTID

    NewLine    shift, and go to state 335
    EOUTPUTID  shift, and go to state 308


State 305

  114 OutInfo: OUTPUT NewLine Float NewLine NOutList NewLine . EOutList NewLine
  120        | OUTPUT NewLine Float NewLine NOutList NewLine .

    EOUTPUTID  shift, and go to state 267

    $default  reduce using rule 120 (OutInfo)

    EOutList  go to state 336


State 306

  125 NOutList: NOutList NOUTPUTID .

    $default  reduce using rule 125 (NOutList)


State 307

  123 OutInfo: OUTPUT NewLine Float NewLine EOutList NewLine .

    $default  reduce using rule 123 (OutInfo)


State 308

  127 EOutList: EOutList EOUTPUTID .

    $default  reduce using rule 127 (EOutList)


State 309

  140 DeleteElement: REMOVE COMMA TYPE EQUALSIGN EPART NewLine . DelPList

    IntConstant  shift, and go to state 118

    DelPList  go to state 337
    Integer   go to state 338


State 310

  155 NodePart: NODEPART COMMA ID EQUALSIGN Integer NewLine . PartList

    IntConstant  shift, and go to state 118
    GENERATE     shift, and go to state 240

    NodeNums  go to state 339
    PartList  go to state 340
    Integer   go to state 242


State 311

  156 ElemPart: ELEMPART COMMA ID EQUALSIGN Integer NewLine . PartList

    IntConstant  shift, and go to state 118
    GENERATE     shift, and go to state 240

    NodeNums  go to state 339
    PartList  go to state 341
    Integer   go to state 242


State 312

  159 FenQu: FENQUPL NewLine Float Float Float Float . NewLine

    NewLine  shift, and go to state 342


State 313

   41 Node: Integer Float Float Float NewLine .

    $default  reduce using rule 41 (Node)


State 314

   55 NodeNums: GENERATE Integer Integer . Integer

    IntConstant  shift, and go to state 118

    Integer  go to state 343


State 315

   44 ElemSet: ELEMENT COMMA TYPE EQUALSIGN ET_SOLID NewLine Element_Solid_List .
   52 Element_Solid_List: Element_Solid_List . Integer NodeNums NewLine

    IntConstant  shift, and go to state 118

    IntConstant  [reduce using rule 44 (ElemSet)]
    $default     reduce using rule 44 (ElemSet)

    Integer  go to state 344


State 316

   51 Element_Solid_List: Integer . NodeNums NewLine

    IntConstant  shift, and go to state 118
    GENERATE     shift, and go to state 240

    NodeNums  go to state 345
    Integer   go to state 242


State 317

   45 ElemSet: ELEMENT COMMA TYPE EQUALSIGN ET_SOLID COMMA EPART . EQUALSIGN Integer NewLine Element_Solid_List

    EQUALSIGN  shift, and go to state 346


State 318

   46 ElemSet: ELEMENT COMMA EPART EQUALSIGN Integer COMMA TYPE . EQUALSIGN ET_SOLID NewLine Element_Solid_List

    EQUALSIGN  shift, and go to state 347


State 319

   57 MatSet: MATERIAL COMMA TYPE EQUALSIGN MT_ELASTIC COMMA ID . EQUALSIGN Integer NewLine PropsList

    EQUALSIGN  shift, and go to state 348


State 320

   56 MatSet: MATERIAL COMMA ID EQUALSIGN Integer COMMA TYPE . EQUALSIGN MT_ELASTIC NewLine PropsList

    EQUALSIGN  shift, and go to state 349


State 321

   70 BC_Data: Integer Integer Integer Float NewLine .

    $default  reduce using rule 70 (BC_Data)


State 322

   81 IStressData: Integer Float Float Float Float . Float Float NewLine

    IntConstant  shift, and go to state 145
    DblConstant  shift, and go to state 129

    Float  go to state 350


State 323

   91 SetAttribute: ATT COMMA TYPE EQUALSIGN EPART NewLine PAttList .
   97 PAttList: PAttList . PAttData

    IntConstant  shift, and go to state 118

    $default  reduce using rule 91 (SetAttribute)

    PAttData  go to state 351
    Integer   go to state 325


State 324

   96 PAttList: PAttData .

    $default  reduce using rule 96 (PAttList)


State 325

   98 PAttData: Integer . Integer NewLine
   99         | Integer . Integer Integer NewLine

    IntConstant  shift, and go to state 118

    Integer  go to state 352


State 326

  100 ReadCurve: CURVE COMMA ID EQUALSIGN Integer NewLine CurveDataList .
  103 CurveDataList: CurveDataList . CurveData

    IntConstant  shift, and go to state 145
    DblConstant  shift, and go to state 129

    $default  reduce using rule 100 (ReadCurve)

    CurveData  go to state 204
    Float      go to state 153


State 327

   85 PresData: Integer Float Integer Integer Integer . Integer NewLine

    IntConstant  shift, and go to state 118

    Integer  go to state 353


State 328

   75 BCF_Data: Integer Integer Integer Integer NewLine .

    $default  reduce using rule 75 (BCF_Data)


State 329

  109 TimeStep: TIMESTEP COMMA TYPE EQUALSIGN TIMESTEP_FIXED NewLine Float . NewLine

    NewLine  shift, and go to state 354


State 330

  110 TimeStep: TIMESTEP COMMA TYPE EQUALSIGN TIMESTEP_CURVE NewLine Integer . NewLine

    NewLine  shift, and go to state 355


State 331

  108 TimeStep: TIMESTEP COMMA TYPE EQUALSIGN TIMESTEP_AUTO NewLine Float . NewLine

    NewLine  shift, and go to state 356


State 332

  112 OutInfo: OUTPUT NewLine Integer Integer NewLine NOutList NewLine . EOutList NewLine
  118        | OUTPUT NewLine Integer Integer NewLine NOutList NewLine .

    EOUTPUTID  shift, and go to state 267

    $default  reduce using rule 118 (OutInfo)

    EOutList  go to state 357


State 333

  121 OutInfo: OUTPUT NewLine Integer Integer NewLine EOutList NewLine .

    $default  reduce using rule 121 (OutInfo)


State 334

  113 OutInfo: OUTPUT NewLine Integer Float NewLine NOutList NewLine . EOutList NewLine
  119        | OUTPUT NewLine Integer Float NewLine NOutList NewLine .

    EOUTPUTID  shift, and go to state 267

    $default  reduce using rule 119 (OutInfo)

    EOutList  go to state 358


State 335

  122 OutInfo: OUTPUT NewLine Integer Float NewLine EOutList NewLine .

    $default  reduce using rule 122 (OutInfo)


State 336

  114 OutInfo: OUTPUT NewLine Float NewLine NOutList NewLine EOutList . NewLine
  127 EOutList: EOutList . EOUTPUTID

    NewLine    shift, and go to state 359
    EOUTPUTID  shift, and go to state 308


State 337

  140 DeleteElement: REMOVE COMMA TYPE EQUALSIGN EPART NewLine DelPList .
  144 DelPList: DelPList . Integer NewLine

    IntConstant  shift, and go to state 118

    $default  reduce using rule 140 (DeleteElement)

    Integer  go to state 360


State 338

  143 DelPList: Integer . NewLine

    NewLine  shift, and go to state 361


State 339

   54 NodeNums: NodeNums . Integer
  157 PartList: NodeNums . NewLine

    IntConstant  shift, and go to state 118
    NewLine      shift, and go to state 362

    Integer  go to state 283


State 340

  155 NodePart: NODEPART COMMA ID EQUALSIGN Integer NewLine PartList .
  158 PartList: PartList . NodeNums NewLine

    IntConstant  shift, and go to state 118
    GENERATE     shift, and go to state 240

    $default  reduce using rule 155 (NodePart)

    NodeNums  go to state 363
    Integer   go to state 242


State 341

  156 ElemPart: ELEMPART COMMA ID EQUALSIGN Integer NewLine PartList .
  158 PartList: PartList . NodeNums NewLine

    IntConstant  shift, and go to state 118
    GENERATE     shift, and go to state 240

    $default  reduce using rule 156 (ElemPart)

    NodeNums  go to state 363
    Integer   go to state 242


State 342

  159 FenQu: FENQUPL NewLine Float Float Float Float NewLine .

    $default  reduce using rule 159 (FenQu)


State 343

   55 NodeNums: GENERATE Integer Integer Integer .

    $default  reduce using rule 55 (NodeNums)


State 344

   52 Element_Solid_List: Element_Solid_List Integer . NodeNums NewLine

    IntConstant  shift, and go to state 118
    GENERATE     shift, and go to state 240

    NodeNums  go to state 364
    Integer   go to state 242


State 345

   51 Element_Solid_List: Integer NodeNums . NewLine
   54 NodeNums: NodeNums . Integer

    IntConstant  shift, and go to state 118
    NewLine      shift, and go to state 365

    Integer  go to state 283


State 346

   45 ElemSet: ELEMENT COMMA TYPE EQUALSIGN ET_SOLID COMMA EPART EQUALSIGN . Integer NewLine Element_Solid_List

    IntConstant  shift, and go to state 118

    Integer  go to state 366


State 347

   46 ElemSet: ELEMENT COMMA EPART EQUALSIGN Integer COMMA TYPE EQUALSIGN . ET_SOLID NewLine Element_Solid_List

    ET_SOLID  shift, and go to state 367


State 348

   57 MatSet: MATERIAL COMMA TYPE EQUALSIGN MT_ELASTIC COMMA ID EQUALSIGN . Integer NewLine PropsList

    IntConstant  shift, and go to state 118

    Integer  go to state 368


State 349

   56 MatSet: MATERIAL COMMA ID EQUALSIGN Integer COMMA TYPE EQUALSIGN . MT_ELASTIC NewLine PropsList

    MT_ELASTIC  shift, and go to state 369


State 350

   81 IStressData: Integer Float Float Float Float Float . Float NewLine

    IntConstant  shift, and go to state 145
    DblConstant  shift, and go to state 129

    Float  go to state 370


State 351

   97 PAttList: PAttList PAttData .

    $default  reduce using rule 97 (PAttList)


State 352

   98 PAttData: Integer Integer . NewLine
   99         | Integer Integer . Integer NewLine

    IntConstant  shift, and go to state 118
    NewLine      shift, and go to state 371

    Integer  go to state 372


State 353

   85 PresData: Integer Float Integer Integer Integer Integer . NewLine

    NewLine  shift, and go to state 373


State 354

  109 TimeStep: TIMESTEP COMMA TYPE EQUALSIGN TIMESTEP_FIXED NewLine Float NewLine .

    $default  reduce using rule 109 (TimeStep)


State 355

  110 TimeStep: TIMESTEP COMMA TYPE EQUALSIGN TIMESTEP_CURVE NewLine Integer NewLine .

    $default  reduce using rule 110 (TimeStep)


State 356

  108 TimeStep: TIMESTEP COMMA TYPE EQUALSIGN TIMESTEP_AUTO NewLine Float NewLine .

    $default  reduce using rule 108 (TimeStep)


State 357

  112 OutInfo: OUTPUT NewLine Integer Integer NewLine NOutList NewLine EOutList . NewLine
  127 EOutList: EOutList . EOUTPUTID

    NewLine    shift, and go to state 374
    EOUTPUTID  shift, and go to state 308


State 358

  113 OutInfo: OUTPUT NewLine Integer Float NewLine NOutList NewLine EOutList . NewLine
  127 EOutList: EOutList . EOUTPUTID

    NewLine    shift, and go to state 375
    EOUTPUTID  shift, and go to state 308


State 359

  114 OutInfo: OUTPUT NewLine Float NewLine NOutList NewLine EOutList NewLine .

    $default  reduce using rule 114 (OutInfo)


State 360

  144 DelPList: DelPList Integer . NewLine

    NewLine  shift, and go to state 376


State 361

  143 DelPList: Integer NewLine .

    $default  reduce using rule 143 (DelPList)


State 362

  157 PartList: NodeNums NewLine .

    $default  reduce using rule 157 (PartList)


State 363

   54 NodeNums: NodeNums . Integer
  158 PartList: PartList NodeNums . NewLine

    IntConstant  shift, and go to state 118
    NewLine      shift, and go to state 377

    Integer  go to state 283


State 364

   52 Element_Solid_List: Element_Solid_List Integer NodeNums . NewLine
   54 NodeNums: NodeNums . Integer

    IntConstant  shift, and go to state 118
    NewLine      shift, and go to state 378

    Integer  go to state 283


State 365

   51 Element_Solid_List: Integer NodeNums NewLine .

    $default  reduce using rule 51 (Element_Solid_List)


State 366

   45 ElemSet: ELEMENT COMMA TYPE EQUALSIGN ET_SOLID COMMA EPART EQUALSIGN Integer . NewLine Element_Solid_List

    NewLine  shift, and go to state 379


State 367

   46 ElemSet: ELEMENT COMMA EPART EQUALSIGN Integer COMMA TYPE EQUALSIGN ET_SOLID . NewLine Element_Solid_List

    NewLine  shift, and go to state 380


State 368

   57 MatSet: MATERIAL COMMA TYPE EQUALSIGN MT_ELASTIC COMMA ID EQUALSIGN Integer . NewLine PropsList

    NewLine  shift, and go to state 381


State 369

   56 MatSet: MATERIAL COMMA ID EQUALSIGN Integer COMMA TYPE EQUALSIGN MT_ELASTIC . NewLine PropsList

    NewLine  shift, and go to state 382


State 370

   81 IStressData: Integer Float Float Float Float Float Float . NewLine

    NewLine  shift, and go to state 383


State 371

   98 PAttData: Integer Integer NewLine .

    $default  reduce using rule 98 (PAttData)


State 372

   99 PAttData: Integer Integer Integer . NewLine

    NewLine  shift, and go to state 384


State 373

   85 PresData: Integer Float Integer Integer Integer Integer NewLine .

    $default  reduce using rule 85 (PresData)


State 374

  112 OutInfo: OUTPUT NewLine Integer Integer NewLine NOutList NewLine EOutList NewLine .

    $default  reduce using rule 112 (OutInfo)


State 375

  113 OutInfo: OUTPUT NewLine Integer Float NewLine NOutList NewLine EOutList NewLine .

    $default  reduce using rule 113 (OutInfo)


State 376

  144 DelPList: DelPList Integer NewLine .

    $default  reduce using rule 144 (DelPList)


State 377

  158 PartList: PartList NodeNums NewLine .

    $default  reduce using rule 158 (PartList)


State 378

   52 Element_Solid_List: Element_Solid_List Integer NodeNums NewLine .

    $default  reduce using rule 52 (Element_Solid_List)


State 379

   45 ElemSet: ELEMENT COMMA TYPE EQUALSIGN ET_SOLID COMMA EPART EQUALSIGN Integer NewLine . Element_Solid_List

    IntConstant  shift, and go to state 118

    Element_Solid_List  go to state 385
    Integer             go to state 316


State 380

   46 ElemSet: ELEMENT COMMA EPART EQUALSIGN Integer COMMA TYPE EQUALSIGN ET_SOLID NewLine . Element_Solid_List

    IntConstant  shift, and go to state 118

    Element_Solid_List  go to state 386
    Integer             go to state 316


State 381

   57 MatSet: MATERIAL COMMA TYPE EQUALSIGN MT_ELASTIC COMMA ID EQUALSIGN Integer NewLine . PropsList

    IntConstant  shift, and go to state 145
    DblConstant  shift, and go to state 129

    PropsList  go to state 387
    Props      go to state 131
    Float      go to state 133


State 382

   56 MatSet: MATERIAL COMMA ID EQUALSIGN Integer COMMA TYPE EQUALSIGN MT_ELASTIC NewLine . PropsList

    IntConstant  shift, and go to state 145
    DblConstant  shift, and go to state 129

    PropsList  go to state 388
    Props      go to state 131
    Float      go to state 133


State 383

   81 IStressData: Integer Float Float Float Float Float Float NewLine .

    $default  reduce using rule 81 (IStressData)


State 384

   99 PAttData: Integer Integer Integer NewLine .

    $default  reduce using rule 99 (PAttData)


State 385

   45 ElemSet: ELEMENT COMMA TYPE EQUALSIGN ET_SOLID COMMA EPART EQUALSIGN Integer NewLine Element_Solid_List .
   52 Element_Solid_List: Element_Solid_List . Integer NodeNums NewLine

    IntConstant  shift, and go to state 118

    IntConstant  [reduce using rule 45 (ElemSet)]
    $default     reduce using rule 45 (ElemSet)

    Integer  go to state 344


State 386

   46 ElemSet: ELEMENT COMMA EPART EQUALSIGN Integer COMMA TYPE EQUALSIGN ET_SOLID NewLine Element_Solid_List .
   52 Element_Solid_List: Element_Solid_List . Integer NodeNums NewLine

    IntConstant  shift, and go to state 118

    IntConstant  [reduce using rule 46 (ElemSet)]
    $default     reduce using rule 46 (ElemSet)

    Integer  go to state 344


State 387

   57 MatSet: MATERIAL COMMA TYPE EQUALSIGN MT_ELASTIC COMMA ID EQUALSIGN Integer NewLine PropsList .
   61 PropsList: PropsList . Props NewLine

    IntConstant  shift, and go to state 145
    DblConstant  shift, and go to state 129

    $default  reduce using rule 57 (MatSet)

    Props  go to state 190
    Float  go to state 133


State 388

   56 MatSet: MATERIAL COMMA ID EQUALSIGN Integer COMMA TYPE EQUALSIGN MT_ELASTIC NewLine PropsList .
   61 PropsList: PropsList . Props NewLine

    IntConstant  shift, and go to state 145
    DblConstant  shift, and go to state 129

    $default  reduce using rule 56 (MatSet)

    Props  go to state 190
    Float  go to state 133
